{"/home/travis/build/npmtest/node-npmtest-radium/test.js":{"path":"/home/travis/build/npmtest/node-npmtest-radium/test.js","s":{"1":2,"2":2,"3":2,"4":2,"5":2,"6":2,"7":2,"8":1,"9":2,"10":2,"11":1,"12":1,"13":1,"14":1,"15":2,"16":2,"17":2,"18":2,"19":1,"20":1,"21":2,"22":2,"23":2,"24":1,"25":1,"26":1,"27":1,"28":1,"29":1,"30":1,"31":1,"32":1,"33":1,"34":1,"35":1,"36":1,"37":1,"38":1,"39":2,"40":2,"41":1,"42":2,"43":2,"44":1,"45":2,"46":2,"47":1,"48":2,"49":2,"50":1,"51":1,"52":1,"53":1,"54":1},"b":{"1":[2,1,1,1],"2":[1,1,1,1],"3":[1,1],"4":[1,1],"5":[1,1],"6":[1,1],"7":[1,1],"8":[1,1],"9":[1,1],"10":[1,1,1],"11":[1,1],"12":[1,1],"13":[1,1],"14":[1,1],"15":[1,1],"16":[1,1],"17":[1,1]},"f":{"1":2,"2":2,"3":2,"4":2,"5":2,"6":1,"7":1,"8":1,"9":2,"10":2,"11":2,"12":2,"13":1},"fnMap":{"1":{"name":"(anonymous_1)","line":12,"loc":{"start":{"line":12,"column":1},"end":{"line":12,"column":13}}},"2":{"name":"(anonymous_2)","line":19,"loc":{"start":{"line":19,"column":5},"end":{"line":19,"column":17}}},"3":{"name":"(anonymous_3)","line":23,"loc":{"start":{"line":23,"column":24},"end":{"line":23,"column":36}}},"4":{"name":"(anonymous_4)","line":61,"loc":{"start":{"line":61,"column":5},"end":{"line":61,"column":17}}},"5":{"name":"(anonymous_5)","line":82,"loc":{"start":{"line":82,"column":5},"end":{"line":82,"column":17}}},"6":{"name":"(anonymous_6)","line":91,"loc":{"start":{"line":91,"column":77},"end":{"line":94,"column":10}}},"7":{"name":"(anonymous_7)","line":112,"loc":{"start":{"line":112,"column":83},"end":{"line":115,"column":10}},"skip":true},"8":{"name":"(anonymous_8)","line":123,"loc":{"start":{"line":123,"column":77},"end":{"line":126,"column":10}},"skip":true},"9":{"name":"(anonymous_9)","line":139,"loc":{"start":{"line":139,"column":12},"end":{"line":139,"column":40}},"skip":true},"10":{"name":"(anonymous_10)","line":147,"loc":{"start":{"line":147,"column":77},"end":{"line":150,"column":10}},"skip":true},"11":{"name":"(anonymous_11)","line":158,"loc":{"start":{"line":158,"column":83},"end":{"line":161,"column":10}},"skip":true},"12":{"name":"(anonymous_12)","line":169,"loc":{"start":{"line":169,"column":79},"end":{"line":172,"column":10}},"skip":true},"13":{"name":"(anonymous_13)","line":180,"loc":{"start":{"line":180,"column":75},"end":{"line":183,"column":10}},"skip":true}},"statementMap":{"1":{"start":{"line":12,"column":0},"end":{"line":195,"column":5}},"2":{"start":{"line":14,"column":4},"end":{"line":14,"column":14}},"3":{"start":{"line":19,"column":4},"end":{"line":56,"column":9}},"4":{"start":{"line":21,"column":8},"end":{"line":21,"column":19}},"5":{"start":{"line":23,"column":8},"end":{"line":35,"column":13}},"6":{"start":{"line":24,"column":12},"end":{"line":34,"column":13}},"7":{"start":{"line":25,"column":16},"end":{"line":28,"column":30}},"8":{"start":{"line":30,"column":16},"end":{"line":33,"column":27}},"9":{"start":{"line":37,"column":8},"end":{"line":39,"column":21}},"10":{"start":{"line":40,"column":8},"end":{"line":53,"column":9}},"11":{"start":{"line":43,"column":12},"end":{"line":46,"column":14}},"12":{"start":{"line":47,"column":12},"end":{"line":47,"column":18}},"13":{"start":{"line":50,"column":12},"end":{"line":51,"column":33}},"14":{"start":{"line":52,"column":12},"end":{"line":52,"column":18}},"15":{"start":{"line":55,"column":8},"end":{"line":55,"column":35}},"16":{"start":{"line":61,"column":4},"end":{"line":63,"column":9}},"17":{"start":{"line":62,"column":8},"end":{"line":62,"column":15}},"18":{"start":{"line":64,"column":4},"end":{"line":77,"column":5}},"19":{"start":{"line":70,"column":8},"end":{"line":70,"column":14}},"20":{"start":{"line":76,"column":8},"end":{"line":76,"column":14}},"21":{"start":{"line":82,"column":4},"end":{"line":84,"column":9}},"22":{"start":{"line":83,"column":8},"end":{"line":83,"column":15}},"23":{"start":{"line":85,"column":4},"end":{"line":194,"column":5}},"24":{"start":{"line":91,"column":8},"end":{"line":99,"column":10}},"25":{"start":{"line":98,"column":12},"end":{"line":98,"column":35}},"26":{"start":{"line":102,"column":8},"end":{"line":104,"column":63}},"27":{"start":{"line":105,"column":8},"end":{"line":105,"column":14}},"28":{"start":{"line":112,"column":8},"end":{"line":121,"column":10},"skip":true},"29":{"start":{"line":119,"column":12},"end":{"line":119,"column":55},"skip":true},"30":{"start":{"line":120,"column":12},"end":{"line":120,"column":48},"skip":true},"31":{"start":{"line":123,"column":8},"end":{"line":136,"column":10},"skip":true},"32":{"start":{"line":130,"column":12},"end":{"line":130,"column":76},"skip":true},"33":{"start":{"line":131,"column":12},"end":{"line":131,"column":73},"skip":true},"34":{"start":{"line":132,"column":12},"end":{"line":132,"column":74},"skip":true},"35":{"start":{"line":133,"column":12},"end":{"line":133,"column":79},"skip":true},"36":{"start":{"line":134,"column":12},"end":{"line":134,"column":25},"skip":true},"37":{"start":{"line":135,"column":12},"end":{"line":135,"column":45},"skip":true},"38":{"start":{"line":138,"column":8},"end":{"line":145,"column":14},"skip":true},"39":{"start":{"line":143,"column":16},"end":{"line":143,"column":29},"skip":true},"40":{"start":{"line":144,"column":16},"end":{"line":144,"column":55},"skip":true},"41":{"start":{"line":147,"column":8},"end":{"line":156,"column":10},"skip":true},"42":{"start":{"line":154,"column":12},"end":{"line":154,"column":25},"skip":true},"43":{"start":{"line":155,"column":12},"end":{"line":155,"column":45},"skip":true},"44":{"start":{"line":158,"column":8},"end":{"line":167,"column":10},"skip":true},"45":{"start":{"line":165,"column":12},"end":{"line":165,"column":25},"skip":true},"46":{"start":{"line":166,"column":12},"end":{"line":166,"column":48},"skip":true},"47":{"start":{"line":169,"column":8},"end":{"line":178,"column":10},"skip":true},"48":{"start":{"line":176,"column":12},"end":{"line":176,"column":25},"skip":true},"49":{"start":{"line":177,"column":12},"end":{"line":177,"column":46},"skip":true},"50":{"start":{"line":180,"column":8},"end":{"line":189,"column":10},"skip":true},"51":{"start":{"line":187,"column":12},"end":{"line":187,"column":94},"skip":true},"52":{"start":{"line":188,"column":12},"end":{"line":188,"column":48},"skip":true},"53":{"start":{"line":192,"column":8},"end":{"line":192,"column":35},"skip":true},"54":{"start":{"line":193,"column":8},"end":{"line":193,"column":14},"skip":true}},"branchMap":{"1":{"line":25,"type":"binary-expr","locations":[{"start":{"line":25,"column":23},"end":{"line":25,"column":62}},{"start":{"line":26,"column":20},"end":{"line":26,"column":70}},{"start":{"line":27,"column":20},"end":{"line":27,"column":71}},{"start":{"line":28,"column":20},"end":{"line":28,"column":29}}]},"2":{"line":30,"type":"binary-expr","locations":[{"start":{"line":30,"column":23},"end":{"line":30,"column":37}},{"start":{"line":31,"column":20},"end":{"line":31,"column":61}},{"start":{"line":32,"column":20},"end":{"line":32,"column":70}},{"start":{"line":33,"column":20},"end":{"line":33,"column":26}}]},"3":{"line":37,"type":"cond-expr","locations":[{"start":{"line":38,"column":14},"end":{"line":38,"column":20}},{"start":{"line":39,"column":14},"end":{"line":39,"column":20}}]},"4":{"line":40,"type":"switch","locations":[{"start":{"line":42,"column":8},"end":{"line":47,"column":18}},{"start":{"line":49,"column":8},"end":{"line":52,"column":18}}]},"5":{"line":44,"type":"binary-expr","locations":[{"start":{"line":44,"column":16},"end":{"line":44,"column":44}},{"start":{"line":44,"column":48},"end":{"line":44,"column":66}}]},"6":{"line":50,"type":"binary-expr","locations":[{"start":{"line":50,"column":21},"end":{"line":50,"column":49}},{"start":{"line":50,"column":53},"end":{"line":50,"column":72}}]},"7":{"line":64,"type":"switch","locations":[{"start":{"line":69,"column":4},"end":{"line":70,"column":14}},{"start":{"line":75,"column":4},"end":{"line":76,"column":14}}]},"8":{"line":85,"type":"switch","locations":[{"start":{"line":90,"column":4},"end":{"line":105,"column":14}},{"start":{"line":111,"column":4},"end":{"line":193,"column":14},"skip":true}]},"9":{"line":91,"type":"binary-expr","locations":[{"start":{"line":91,"column":42},"end":{"line":91,"column":73}},{"start":{"line":91,"column":77},"end":{"line":99,"column":9}}]},"10":{"line":102,"type":"binary-expr","locations":[{"start":{"line":102,"column":18},"end":{"line":102,"column":32}},{"start":{"line":103,"column":12},"end":{"line":103,"column":53}},{"start":{"line":104,"column":12},"end":{"line":104,"column":61}}]},"11":{"line":112,"type":"binary-expr","locations":[{"start":{"line":112,"column":45},"end":{"line":112,"column":79},"skip":true},{"start":{"line":112,"column":83},"end":{"line":121,"column":9},"skip":true}]},"12":{"line":123,"type":"binary-expr","locations":[{"start":{"line":123,"column":42},"end":{"line":123,"column":73},"skip":true},{"start":{"line":123,"column":77},"end":{"line":136,"column":9},"skip":true}]},"13":{"line":138,"type":"binary-expr","locations":[{"start":{"line":138,"column":48},"end":{"line":138,"column":85},"skip":true},{"start":{"line":139,"column":12},"end":{"line":145,"column":13},"skip":true}]},"14":{"line":147,"type":"binary-expr","locations":[{"start":{"line":147,"column":42},"end":{"line":147,"column":73},"skip":true},{"start":{"line":147,"column":77},"end":{"line":156,"column":9},"skip":true}]},"15":{"line":158,"type":"binary-expr","locations":[{"start":{"line":158,"column":45},"end":{"line":158,"column":79},"skip":true},{"start":{"line":158,"column":83},"end":{"line":167,"column":9},"skip":true}]},"16":{"line":169,"type":"binary-expr","locations":[{"start":{"line":169,"column":43},"end":{"line":169,"column":75},"skip":true},{"start":{"line":169,"column":79},"end":{"line":178,"column":9},"skip":true}]},"17":{"line":180,"type":"binary-expr","locations":[{"start":{"line":180,"column":41},"end":{"line":180,"column":71},"skip":true},{"start":{"line":180,"column":75},"end":{"line":189,"column":9},"skip":true}]}},"code":["/* istanbul instrument in package npmtest_radium */","/*jslint","    bitwise: true,","    browser: true,","    maxerr: 8,","    maxlen: 96,","    node: true,","    nomen: true,","    regexp: true,","    stupid: true","*/","(function () {","    'use strict';","    var local;","","","","    // run shared js-env code - init-before","    (function () {","        // init local","        local = {};","        // init modeJs","        local.modeJs = (function () {","            try {","                return typeof navigator.userAgent === 'string' &&","                    typeof document.querySelector('body') === 'object' &&","                    typeof XMLHttpRequest.prototype.open === 'function' &&","                    'browser';","            } catch (errorCaughtBrowser) {","                return module.exports &&","                    typeof process.versions.node === 'string' &&","                    typeof require('http').createServer === 'function' &&","                    'node';","            }","        }());","        // init global","        local.global = local.modeJs === 'browser'","            ? window","            : global;","        switch (local.modeJs) {","        // re-init local from window.local","        case 'browser':","            local = local.global.utility2.objectSetDefault(","                local.global.utility2_rollup || local.global.local,","                local.global.utility2","            );","            break;","        // re-init local from example.js","        case 'node':","            local = (local.global.utility2_rollup || require('utility2'))","                .requireReadme();","            break;","        }","        // export local","        local.global.local = local;","    }());","","","","    // run shared js-env code - function","    (function () {","        return;","    }());","    switch (local.modeJs) {","","","","    // run browser js-env code - function","    case 'browser':","        break;","","","","    // run node js-env code - function","    case 'node':","        break;","    }","","","","    // run shared js-env code - init-after","    (function () {","        return;","    }());","    switch (local.modeJs) {","","","","    // run browser js-env code - init-after","    case 'browser':","        local.testCase_browser_nullCase = local.testCase_browser_nullCase || function (","            options,","            onError","        ) {","        /*","         * this function will test browsers's null-case handling-behavior-behavior","         */","            onError(null, options);","        };","","        // run tests","        local.nop(local.modeTest &&","            document.querySelector('#testRunButton1') &&","            document.querySelector('#testRunButton1').click());","        break;","","","","    // run node js-env code - init-after","    /* istanbul ignore next */","    case 'node':","        local.testCase_buildApidoc_default = local.testCase_buildApidoc_default || function (","            options,","            onError","        ) {","        /*","         * this function will test buildApidoc's default handling-behavior-behavior","         */","            options = { modulePathList: module.paths };","            local.buildApidoc(options, onError);","        };","","        local.testCase_buildApp_default = local.testCase_buildApp_default || function (","            options,","            onError","        ) {","        /*","         * this function will test buildApp's default handling-behavior-behavior","         */","            local.testCase_buildReadme_default(options, local.onErrorThrow);","            local.testCase_buildLib_default(options, local.onErrorThrow);","            local.testCase_buildTest_default(options, local.onErrorThrow);","            local.testCase_buildCustomOrg_default(options, local.onErrorThrow);","            options = [];","            local.buildApp(options, onError);","        };","","        local.testCase_buildCustomOrg_default = local.testCase_buildCustomOrg_default ||","            function (options, onError) {","            /*","             * this function will test buildCustomOrg's default handling-behavior","             */","                options = {};","                local.buildCustomOrg(options, onError);","            };","","        local.testCase_buildLib_default = local.testCase_buildLib_default || function (","            options,","            onError","        ) {","        /*","         * this function will test buildLib's default handling-behavior","         */","            options = {};","            local.buildLib(options, onError);","        };","","        local.testCase_buildReadme_default = local.testCase_buildReadme_default || function (","            options,","            onError","        ) {","        /*","         * this function will test buildReadme's default handling-behavior-behavior","         */","            options = {};","            local.buildReadme(options, onError);","        };","","        local.testCase_buildTest_default = local.testCase_buildTest_default || function (","            options,","            onError","        ) {","        /*","         * this function will test buildTest's default handling-behavior","         */","            options = {};","            local.buildTest(options, onError);","        };","","        local.testCase_webpage_default = local.testCase_webpage_default || function (","            options,","            onError","        ) {","        /*","         * this function will test webpage's default handling-behavior","         */","            options = { modeCoverageMerge: true, url: local.serverLocalHost + '?modeTest=1' };","            local.browserTest(options, onError);","        };","","        // run test-server","        local.testRunServer(local);","        break;","    }","}());",""],"l":{"12":2,"14":2,"19":2,"21":2,"23":2,"24":2,"25":2,"30":1,"37":2,"40":2,"43":1,"47":1,"50":1,"52":1,"55":2,"61":2,"62":2,"64":2,"70":1,"76":1,"82":2,"83":2,"85":2,"91":1,"98":1,"102":1,"105":1,"112":1,"119":1,"120":1,"123":1,"130":1,"131":1,"132":1,"133":1,"134":1,"135":1,"138":1,"143":2,"144":2,"147":1,"154":2,"155":2,"158":1,"165":2,"166":2,"169":1,"176":2,"177":2,"180":1,"187":1,"188":1,"192":1,"193":1}},"/home/travis/build/npmtest/node-npmtest-radium/lib.npmtest_radium.js":{"path":"/home/travis/build/npmtest/node-npmtest-radium/lib.npmtest_radium.js","s":{"1":2,"2":2,"3":2,"4":2,"5":2,"6":2,"7":2,"8":1,"9":2,"10":2,"11":2,"12":2,"13":1,"14":1,"15":1,"16":1},"b":{"1":[2,1,1,1],"2":[1,1,1,1],"3":[1,1],"4":[2,2],"5":[1,1]},"f":{"1":2,"2":2,"3":2},"fnMap":{"1":{"name":"(anonymous_1)","line":12,"loc":{"start":{"line":12,"column":1},"end":{"line":12,"column":13}}},"2":{"name":"(anonymous_2)","line":19,"loc":{"start":{"line":19,"column":5},"end":{"line":19,"column":17}}},"3":{"name":"(anonymous_3)","line":23,"loc":{"start":{"line":23,"column":24},"end":{"line":23,"column":36}}}},"statementMap":{"1":{"start":{"line":12,"column":0},"end":{"line":53,"column":5}},"2":{"start":{"line":14,"column":4},"end":{"line":14,"column":14}},"3":{"start":{"line":19,"column":4},"end":{"line":52,"column":9}},"4":{"start":{"line":21,"column":8},"end":{"line":21,"column":19}},"5":{"start":{"line":23,"column":8},"end":{"line":35,"column":13}},"6":{"start":{"line":24,"column":12},"end":{"line":34,"column":13}},"7":{"start":{"line":25,"column":16},"end":{"line":28,"column":30}},"8":{"start":{"line":30,"column":16},"end":{"line":33,"column":27}},"9":{"start":{"line":37,"column":8},"end":{"line":39,"column":21}},"10":{"start":{"line":41,"column":8},"end":{"line":41,"column":54}},"11":{"start":{"line":43,"column":8},"end":{"line":43,"column":51}},"12":{"start":{"line":45,"column":8},"end":{"line":51,"column":9}},"13":{"start":{"line":46,"column":12},"end":{"line":46,"column":57}},"14":{"start":{"line":48,"column":12},"end":{"line":48,"column":35}},"15":{"start":{"line":49,"column":12},"end":{"line":49,"column":49}},"16":{"start":{"line":50,"column":12},"end":{"line":50,"column":43}}},"branchMap":{"1":{"line":25,"type":"binary-expr","locations":[{"start":{"line":25,"column":23},"end":{"line":25,"column":62}},{"start":{"line":26,"column":20},"end":{"line":26,"column":70}},{"start":{"line":27,"column":20},"end":{"line":27,"column":71}},{"start":{"line":28,"column":20},"end":{"line":28,"column":29}}]},"2":{"line":30,"type":"binary-expr","locations":[{"start":{"line":30,"column":23},"end":{"line":30,"column":37}},{"start":{"line":31,"column":20},"end":{"line":31,"column":61}},{"start":{"line":32,"column":20},"end":{"line":32,"column":70}},{"start":{"line":33,"column":20},"end":{"line":33,"column":26}}]},"3":{"line":37,"type":"cond-expr","locations":[{"start":{"line":38,"column":14},"end":{"line":38,"column":20}},{"start":{"line":39,"column":14},"end":{"line":39,"column":20}}]},"4":{"line":41,"type":"binary-expr","locations":[{"start":{"line":41,"column":16},"end":{"line":41,"column":44}},{"start":{"line":41,"column":48},"end":{"line":41,"column":53}}]},"5":{"line":45,"type":"if","locations":[{"start":{"line":45,"column":8},"end":{"line":45,"column":8}},{"start":{"line":45,"column":8},"end":{"line":45,"column":8}}]}},"code":["/* istanbul instrument in package npmtest_radium */","/*jslint","    bitwise: true,","    browser: true,","    maxerr: 8,","    maxlen: 96,","    node: true,","    nomen: true,","    regexp: true,","    stupid: true","*/","(function () {","    'use strict';","    var local;","","","","    // run shared js-env code - init-before","    (function () {","        // init local","        local = {};","        // init modeJs","        local.modeJs = (function () {","            try {","                return typeof navigator.userAgent === 'string' &&","                    typeof document.querySelector('body') === 'object' &&","                    typeof XMLHttpRequest.prototype.open === 'function' &&","                    'browser';","            } catch (errorCaughtBrowser) {","                return module.exports &&","                    typeof process.versions.node === 'string' &&","                    typeof require('http').createServer === 'function' &&","                    'node';","            }","        }());","        // init global","        local.global = local.modeJs === 'browser'","            ? window","            : global;","        // init utility2_rollup","        local = local.global.utility2_rollup || local;","        // init lib","        local.local = local.npmtest_radium = local;","        // init exports","        if (local.modeJs === 'browser') {","            local.global.utility2_npmtest_radium = local;","        } else {","            module.exports = local;","            module.exports.__dirname = __dirname;","            module.exports.module = module;","        }","    }());","}());",""],"l":{"12":2,"14":2,"19":2,"21":2,"23":2,"24":2,"25":2,"30":1,"37":2,"41":2,"43":2,"45":2,"46":1,"48":1,"49":1,"50":1}},"/home/travis/build/npmtest/node-npmtest-radium/example.js":{"path":"/home/travis/build/npmtest/node-npmtest-radium/example.js","s":{"1":2,"2":2,"3":2,"4":2,"5":2,"6":2,"7":2,"8":1,"9":2,"10":2,"11":2,"12":2,"13":1,"14":2,"15":2,"16":2,"17":2,"18":2,"19":0,"20":2,"21":1,"22":1,"23":1,"24":1,"25":1,"26":0,"27":0,"28":1,"29":1,"30":2,"31":0,"32":0,"33":0,"34":1,"35":2,"36":2,"37":3,"38":3,"39":3,"40":3,"41":0,"42":3,"43":3,"44":3,"45":1,"46":3,"47":1,"48":1,"49":1,"50":1,"51":1,"52":1,"53":1,"54":1,"55":1,"56":1,"57":0,"58":1,"59":6,"60":6,"61":1,"62":2,"63":0,"64":2,"65":1,"66":1,"67":0,"68":0,"69":0,"70":0,"71":0,"72":0,"73":0,"74":0,"75":0,"76":0,"77":0,"78":0,"79":0,"80":0,"81":0,"82":0,"83":0},"b":{"1":[2,1,1,1],"2":[1,1,1,1],"3":[1,1],"4":[2,2],"5":[1,1],"6":[1,1],"7":[2,0],"8":[2,1,1,1,1,1],"9":[0,2,0],"10":[1,1],"11":[2,1,1],"12":[1,0],"13":[0,2],"14":[2,0,0,0,0,0,0],"15":[0,3],"16":[3,0],"17":[1,1],"18":[0,1],"19":[1,2,0,2],"20":[1,0],"21":[1,1],"22":[0,0],"23":[0,0],"24":[0,0],"25":[0,0],"26":[0,0],"27":[0,0],"28":[0,0]},"f":{"1":2,"2":2,"3":2,"4":2,"5":2,"6":2,"7":3,"8":3,"9":3,"10":1,"11":6,"12":0},"fnMap":{"1":{"name":"(anonymous_1)","line":26,"loc":{"start":{"line":26,"column":1},"end":{"line":26,"column":13}}},"2":{"name":"(anonymous_2)","line":33,"loc":{"start":{"line":33,"column":5},"end":{"line":33,"column":17}}},"3":{"name":"(anonymous_3)","line":37,"loc":{"start":{"line":37,"column":24},"end":{"line":37,"column":36}}},"4":{"name":"(anonymous_4)","line":69,"loc":{"start":{"line":69,"column":31},"end":{"line":69,"column":48}},"skip":true},"5":{"name":"(anonymous_5)","line":78,"loc":{"start":{"line":78,"column":26},"end":{"line":78,"column":45}},"skip":true},"6":{"name":"(anonymous_6)","line":123,"loc":{"start":{"line":123,"column":33},"end":{"line":123,"column":48}},"skip":true},"7":{"name":"(anonymous_7)","line":125,"loc":{"start":{"line":125,"column":27},"end":{"line":125,"column":39}},"skip":true},"8":{"name":"(anonymous_8)","line":133,"loc":{"start":{"line":133,"column":59},"end":{"line":133,"column":74}},"skip":true},"9":{"name":"(anonymous_9)","line":143,"loc":{"start":{"line":143,"column":45},"end":{"line":143,"column":62}},"skip":true},"10":{"name":"(anonymous_10)","line":144,"loc":{"start":{"line":144,"column":73},"end":{"line":144,"column":92}},"skip":true},"11":{"name":"(anonymous_11)","line":272,"loc":{"start":{"line":272,"column":51},"end":{"line":272,"column":77}},"skip":true},"12":{"name":"(anonymous_12)","line":315,"loc":{"start":{"line":315,"column":32},"end":{"line":315,"column":61}},"skip":true}},"statementMap":{"1":{"start":{"line":26,"column":0},"end":{"line":326,"column":5}},"2":{"start":{"line":28,"column":4},"end":{"line":28,"column":14}},"3":{"start":{"line":33,"column":4},"end":{"line":60,"column":9}},"4":{"start":{"line":35,"column":8},"end":{"line":35,"column":19}},"5":{"start":{"line":37,"column":8},"end":{"line":49,"column":13}},"6":{"start":{"line":38,"column":12},"end":{"line":48,"column":13}},"7":{"start":{"line":39,"column":16},"end":{"line":42,"column":30}},"8":{"start":{"line":44,"column":16},"end":{"line":47,"column":27}},"9":{"start":{"line":51,"column":8},"end":{"line":53,"column":21}},"10":{"start":{"line":55,"column":8},"end":{"line":57,"column":45}},"11":{"start":{"line":59,"column":8},"end":{"line":59,"column":35}},"12":{"start":{"line":61,"column":4},"end":{"line":325,"column":5}},"13":{"start":{"line":69,"column":8},"end":{"line":121,"column":10},"skip":true},"14":{"start":{"line":70,"column":12},"end":{"line":88,"column":13},"skip":true},"15":{"start":{"line":76,"column":16},"end":{"line":87,"column":19},"skip":true},"16":{"start":{"line":79,"column":20},"end":{"line":86,"column":21},"skip":true},"17":{"start":{"line":82,"column":24},"end":{"line":82,"column":43},"skip":true},"18":{"start":{"line":83,"column":24},"end":{"line":83,"column":30},"skip":true},"19":{"start":{"line":85,"column":24},"end":{"line":85,"column":49},"skip":true},"20":{"start":{"line":89,"column":12},"end":{"line":107,"column":13},"skip":true},"21":{"start":{"line":92,"column":16},"end":{"line":102,"column":17},"skip":true},"22":{"start":{"line":93,"column":20},"end":{"line":93,"column":86},"skip":true},"23":{"start":{"line":94,"column":20},"end":{"line":95,"column":45},"skip":true},"24":{"start":{"line":96,"column":20},"end":{"line":96,"column":42},"skip":true},"25":{"start":{"line":97,"column":20},"end":{"line":97,"column":48},"skip":true},"26":{"start":{"line":100,"column":20},"end":{"line":100,"column":85},"skip":true},"27":{"start":{"line":101,"column":20},"end":{"line":101,"column":96},"skip":true},"28":{"start":{"line":103,"column":16},"end":{"line":103,"column":22},"skip":true},"29":{"start":{"line":106,"column":16},"end":{"line":106,"column":22},"skip":true},"30":{"start":{"line":108,"column":12},"end":{"line":120,"column":13},"skip":true},"31":{"start":{"line":114,"column":16},"end":{"line":119,"column":17},"skip":true},"32":{"start":{"line":116,"column":20},"end":{"line":116,"column":78},"skip":true},"33":{"start":{"line":118,"column":20},"end":{"line":118,"column":47},"skip":true},"34":{"start":{"line":123,"column":8},"end":{"line":141,"column":11},"skip":true},"35":{"start":{"line":124,"column":12},"end":{"line":124,"column":54},"skip":true},"36":{"start":{"line":125,"column":12},"end":{"line":140,"column":14},"skip":true},"37":{"start":{"line":126,"column":16},"end":{"line":126,"column":28},"skip":true},"38":{"start":{"line":127,"column":16},"end":{"line":127,"column":69},"skip":true},"39":{"start":{"line":128,"column":16},"end":{"line":128,"column":75},"skip":true},"40":{"start":{"line":129,"column":16},"end":{"line":131,"column":17},"skip":true},"41":{"start":{"line":130,"column":20},"end":{"line":130,"column":27},"skip":true},"42":{"start":{"line":133,"column":16},"end":{"line":137,"column":36},"skip":true},"43":{"start":{"line":134,"column":20},"end":{"line":136,"column":55},"skip":true},"44":{"start":{"line":139,"column":16},"end":{"line":139,"column":57},"skip":true},"45":{"start":{"line":143,"column":8},"end":{"line":147,"column":11},"skip":true},"46":{"start":{"line":144,"column":12},"end":{"line":146,"column":15},"skip":true},"47":{"start":{"line":145,"column":16},"end":{"line":145,"column":70},"skip":true},"48":{"start":{"line":149,"column":8},"end":{"line":149,"column":31},"skip":true},"49":{"start":{"line":150,"column":8},"end":{"line":150,"column":14},"skip":true},"50":{"start":{"line":158,"column":8},"end":{"line":158,"column":31},"skip":true},"51":{"start":{"line":160,"column":8},"end":{"line":160,"column":33},"skip":true},"52":{"start":{"line":161,"column":8},"end":{"line":161,"column":37},"skip":true},"53":{"start":{"line":162,"column":8},"end":{"line":162,"column":35},"skip":true},"54":{"start":{"line":164,"column":8},"end":{"line":164,"column":50},"skip":true},"55":{"start":{"line":166,"column":8},"end":{"line":256,"column":2},"skip":true},"56":{"start":{"line":258,"column":8},"end":{"line":286,"column":9},"skip":true},"57":{"start":{"line":259,"column":12},"end":{"line":269,"column":14},"skip":true},"58":{"start":{"line":271,"column":12},"end":{"line":285,"column":19},"skip":true},"59":{"start":{"line":274,"column":20},"end":{"line":274,"column":35},"skip":true},"60":{"start":{"line":275,"column":20},"end":{"line":284,"column":21},"skip":true},"61":{"start":{"line":277,"column":24},"end":{"line":277,"column":64},"skip":true},"62":{"start":{"line":279,"column":24},"end":{"line":279,"column":40},"skip":true},"63":{"start":{"line":281,"column":24},"end":{"line":281,"column":40},"skip":true},"64":{"start":{"line":283,"column":24},"end":{"line":283,"column":39},"skip":true},"65":{"start":{"line":288,"column":8},"end":{"line":290,"column":9},"skip":true},"66":{"start":{"line":289,"column":12},"end":{"line":289,"column":18},"skip":true},"67":{"start":{"line":291,"column":8},"end":{"line":293,"column":54},"skip":true},"68":{"start":{"line":296,"column":8},"end":{"line":301,"column":37},"skip":true},"69":{"start":{"line":303,"column":8},"end":{"line":303,"column":82},"skip":true},"70":{"start":{"line":306,"column":8},"end":{"line":308,"column":9},"skip":true},"71":{"start":{"line":307,"column":12},"end":{"line":307,"column":82},"skip":true},"72":{"start":{"line":310,"column":8},"end":{"line":312,"column":9},"skip":true},"73":{"start":{"line":311,"column":12},"end":{"line":311,"column":18},"skip":true},"74":{"start":{"line":313,"column":8},"end":{"line":313,"column":54},"skip":true},"75":{"start":{"line":314,"column":8},"end":{"line":314,"column":69},"skip":true},"76":{"start":{"line":315,"column":8},"end":{"line":323,"column":36},"skip":true},"77":{"start":{"line":316,"column":12},"end":{"line":316,"column":61},"skip":true},"78":{"start":{"line":317,"column":12},"end":{"line":320,"column":13},"skip":true},"79":{"start":{"line":318,"column":16},"end":{"line":318,"column":75},"skip":true},"80":{"start":{"line":319,"column":16},"end":{"line":319,"column":23},"skip":true},"81":{"start":{"line":321,"column":12},"end":{"line":321,"column":38},"skip":true},"82":{"start":{"line":322,"column":12},"end":{"line":322,"column":27},"skip":true},"83":{"start":{"line":324,"column":8},"end":{"line":324,"column":14},"skip":true}},"branchMap":{"1":{"line":39,"type":"binary-expr","locations":[{"start":{"line":39,"column":23},"end":{"line":39,"column":62}},{"start":{"line":40,"column":20},"end":{"line":40,"column":70}},{"start":{"line":41,"column":20},"end":{"line":41,"column":71}},{"start":{"line":42,"column":20},"end":{"line":42,"column":29}}]},"2":{"line":44,"type":"binary-expr","locations":[{"start":{"line":44,"column":23},"end":{"line":44,"column":37}},{"start":{"line":45,"column":20},"end":{"line":45,"column":61}},{"start":{"line":46,"column":20},"end":{"line":46,"column":70}},{"start":{"line":47,"column":20},"end":{"line":47,"column":26}}]},"3":{"line":51,"type":"cond-expr","locations":[{"start":{"line":52,"column":14},"end":{"line":52,"column":20}},{"start":{"line":53,"column":14},"end":{"line":53,"column":20}}]},"4":{"line":55,"type":"binary-expr","locations":[{"start":{"line":55,"column":16},"end":{"line":55,"column":44}},{"start":{"line":55,"column":49},"end":{"line":57,"column":43}}]},"5":{"line":55,"type":"cond-expr","locations":[{"start":{"line":56,"column":14},"end":{"line":56,"column":50}},{"start":{"line":57,"column":14},"end":{"line":57,"column":43}}]},"6":{"line":61,"type":"switch","locations":[{"start":{"line":68,"column":4},"end":{"line":150,"column":14},"skip":true},{"start":{"line":156,"column":4},"end":{"line":324,"column":14},"skip":true}]},"7":{"line":70,"type":"if","locations":[{"start":{"line":70,"column":12},"end":{"line":70,"column":12},"skip":true},{"start":{"line":70,"column":12},"end":{"line":70,"column":12},"skip":true}]},"8":{"line":70,"type":"binary-expr","locations":[{"start":{"line":70,"column":16},"end":{"line":70,"column":22},"skip":true},{"start":{"line":70,"column":27},"end":{"line":70,"column":32},"skip":true},{"start":{"line":71,"column":20},"end":{"line":71,"column":39},"skip":true},{"start":{"line":72,"column":20},"end":{"line":72,"column":49},"skip":true},{"start":{"line":73,"column":20},"end":{"line":73,"column":58},"skip":true},{"start":{"line":74,"column":20},"end":{"line":74,"column":69},"skip":true}]},"9":{"line":79,"type":"switch","locations":[{"start":{"line":80,"column":20},"end":{"line":80,"column":33},"skip":true},{"start":{"line":81,"column":20},"end":{"line":83,"column":30},"skip":true},{"start":{"line":84,"column":20},"end":{"line":85,"column":49},"skip":true}]},"10":{"line":89,"type":"switch","locations":[{"start":{"line":90,"column":12},"end":{"line":103,"column":22},"skip":true},{"start":{"line":105,"column":12},"end":{"line":106,"column":22},"skip":true}]},"11":{"line":89,"type":"binary-expr","locations":[{"start":{"line":89,"column":20},"end":{"line":89,"column":25},"skip":true},{"start":{"line":89,"column":29},"end":{"line":89,"column":48},"skip":true},{"start":{"line":89,"column":52},"end":{"line":89,"column":74},"skip":true}]},"12":{"line":92,"type":"if","locations":[{"start":{"line":92,"column":16},"end":{"line":92,"column":16},"skip":true},{"start":{"line":92,"column":16},"end":{"line":92,"column":16},"skip":true}]},"13":{"line":108,"type":"if","locations":[{"start":{"line":108,"column":12},"end":{"line":108,"column":12},"skip":true},{"start":{"line":108,"column":12},"end":{"line":108,"column":12},"skip":true}]},"14":{"line":108,"type":"binary-expr","locations":[{"start":{"line":108,"column":16},"end":{"line":108,"column":61},"skip":true},{"start":{"line":108,"column":66},"end":{"line":108,"column":72},"skip":true},{"start":{"line":108,"column":77},"end":{"line":108,"column":82},"skip":true},{"start":{"line":109,"column":20},"end":{"line":109,"column":39},"skip":true},{"start":{"line":110,"column":20},"end":{"line":110,"column":49},"skip":true},{"start":{"line":111,"column":20},"end":{"line":111,"column":58},"skip":true},{"start":{"line":112,"column":20},"end":{"line":112,"column":68},"skip":true}]},"15":{"line":129,"type":"if","locations":[{"start":{"line":129,"column":16},"end":{"line":129,"column":16},"skip":true},{"start":{"line":129,"column":16},"end":{"line":129,"column":16},"skip":true}]},"16":{"line":134,"type":"cond-expr","locations":[{"start":{"line":135,"column":26},"end":{"line":135,"column":29},"skip":true},{"start":{"line":136,"column":26},"end":{"line":136,"column":54},"skip":true}]},"17":{"line":164,"type":"binary-expr","locations":[{"start":{"line":164,"column":27},"end":{"line":164,"column":43},"skip":true},{"start":{"line":164,"column":47},"end":{"line":164,"column":49},"skip":true}]},"18":{"line":258,"type":"if","locations":[{"start":{"line":258,"column":8},"end":{"line":258,"column":8},"skip":true},{"start":{"line":258,"column":8},"end":{"line":258,"column":8},"skip":true}]},"19":{"line":275,"type":"switch","locations":[{"start":{"line":276,"column":20},"end":{"line":277,"column":64},"skip":true},{"start":{"line":278,"column":20},"end":{"line":279,"column":40},"skip":true},{"start":{"line":280,"column":20},"end":{"line":281,"column":40},"skip":true},{"start":{"line":282,"column":20},"end":{"line":283,"column":39},"skip":true}]},"20":{"line":288,"type":"if","locations":[{"start":{"line":288,"column":8},"end":{"line":288,"column":8},"skip":true},{"start":{"line":288,"column":8},"end":{"line":288,"column":8},"skip":true}]},"21":{"line":288,"type":"binary-expr","locations":[{"start":{"line":288,"column":12},"end":{"line":288,"column":40},"skip":true},{"start":{"line":288,"column":44},"end":{"line":288,"column":67},"skip":true}]},"22":{"line":292,"type":"binary-expr","locations":[{"start":{"line":292,"column":12},"end":{"line":292,"column":50},"skip":true},{"start":{"line":293,"column":12},"end":{"line":293,"column":53},"skip":true}]},"23":{"line":297,"type":"binary-expr","locations":[{"start":{"line":297,"column":12},"end":{"line":297,"column":64},"skip":true},{"start":{"line":298,"column":12},"end":{"line":301,"column":36},"skip":true}]},"24":{"line":303,"type":"binary-expr","locations":[{"start":{"line":303,"column":43},"end":{"line":303,"column":75},"skip":true},{"start":{"line":303,"column":79},"end":{"line":303,"column":81},"skip":true}]},"25":{"line":306,"type":"if","locations":[{"start":{"line":306,"column":8},"end":{"line":306,"column":8},"skip":true},{"start":{"line":306,"column":8},"end":{"line":306,"column":8},"skip":true}]},"26":{"line":310,"type":"if","locations":[{"start":{"line":310,"column":8},"end":{"line":310,"column":8},"skip":true},{"start":{"line":310,"column":8},"end":{"line":310,"column":8},"skip":true}]},"27":{"line":313,"type":"binary-expr","locations":[{"start":{"line":313,"column":27},"end":{"line":313,"column":43},"skip":true},{"start":{"line":313,"column":47},"end":{"line":313,"column":53},"skip":true}]},"28":{"line":317,"type":"if","locations":[{"start":{"line":317,"column":12},"end":{"line":317,"column":12},"skip":true},{"start":{"line":317,"column":12},"end":{"line":317,"column":12},"skip":true}]}},"code":["/*","example.js","","quickstart example","","instruction","    1. save this script as example.js","    2. run the shell command:","        $ npm install npmtest-radium && PORT=8081 node example.js","    3. play with the browser-demo on http://127.0.0.1:8081","*/","","","","/* istanbul instrument in package npmtest_radium */","/*jslint","    bitwise: true,","    browser: true,","    maxerr: 8,","    maxlen: 96,","    node: true,","    nomen: true,","    regexp: true,","    stupid: true","*/","(function () {","    'use strict';","    var local;","","","","    // run shared js-env code - init-before","    (function () {","        // init local","        local = {};","        // init modeJs","        local.modeJs = (function () {","            try {","                return typeof navigator.userAgent === 'string' &&","                    typeof document.querySelector('body') === 'object' &&","                    typeof XMLHttpRequest.prototype.open === 'function' &&","                    'browser';","            } catch (errorCaughtBrowser) {","                return module.exports &&","                    typeof process.versions.node === 'string' &&","                    typeof require('http').createServer === 'function' &&","                    'node';","            }","        }());","        // init global","        local.global = local.modeJs === 'browser'","            ? window","            : global;","        // init utility2_rollup","        local = local.global.utility2_rollup || (local.modeJs === 'browser'","            ? local.global.utility2_npmtest_radium","            : global.utility2_moduleExports);","        // export local","        local.global.local = local;","    }());","    switch (local.modeJs) {","","","","    // init-after","    // run browser js-env code - init-after","    /* istanbul ignore next */","    case 'browser':","        local.testRunBrowser = function (event) {","            if (!event || (event &&","                    event.currentTarget &&","                    event.currentTarget.className &&","                    event.currentTarget.className.includes &&","                    event.currentTarget.className.includes('onreset'))) {","                // reset output","                Array.from(","                    document.querySelectorAll('body > .resettable')","                ).forEach(function (element) {","                    switch (element.tagName) {","                    case 'INPUT':","                    case 'TEXTAREA':","                        element.value = '';","                        break;","                    default:","                        element.textContent = '';","                    }","                });","            }","            switch (event && event.currentTarget && event.currentTarget.id) {","            case 'testRunButton1':","                // show tests","                if (document.querySelector('#testReportDiv1').style.display === 'none') {","                    document.querySelector('#testReportDiv1').style.display = 'block';","                    document.querySelector('#testRunButton1').textContent =","                        'hide internal test';","                    local.modeTest = true;","                    local.testRunDefault(local);","                // hide tests","                } else {","                    document.querySelector('#testReportDiv1').style.display = 'none';","                    document.querySelector('#testRunButton1').textContent = 'run internal test';","                }","                break;","            // custom-case","            default:","                break;","            }","            if (document.querySelector('#inputTextareaEval1') && (!event || (event &&","                    event.currentTarget &&","                    event.currentTarget.className &&","                    event.currentTarget.className.includes &&","                    event.currentTarget.className.includes('oneval')))) {","                // try to eval input-code","                try {","                    /*jslint evil: true*/","                    eval(document.querySelector('#inputTextareaEval1').value);","                } catch (errorCaught) {","                    console.error(errorCaught);","                }","            }","        };","        // log stderr and stdout to #outputTextareaStdout1","        ['error', 'log'].forEach(function (key) {","            console[key + '_original'] = console[key];","            console[key] = function () {","                var element;","                console[key + '_original'].apply(console, arguments);","                element = document.querySelector('#outputTextareaStdout1');","                if (!element) {","                    return;","                }","                // append text to #outputTextareaStdout1","                element.value += Array.from(arguments).map(function (arg) {","                    return typeof arg === 'string'","                        ? arg","                        : JSON.stringify(arg, null, 4);","                }).join(' ') + '\\n';","                // scroll textarea to bottom","                element.scrollTop = element.scrollHeight;","            };","        });","        // init event-handling","        ['change', 'click', 'keyup'].forEach(function (event) {","            Array.from(document.querySelectorAll('.on' + event)).forEach(function (element) {","                element.addEventListener(event, local.testRunBrowser);","            });","        });","        // run tests","        local.testRunBrowser();","        break;","","","","    // run node js-env code - init-after","    /* istanbul ignore next */","    case 'node':","        // export local","        module.exports = local;","        // require modules","        local.fs = require('fs');","        local.http = require('http');","        local.url = require('url');","        // init assets","        local.assetsDict = local.assetsDict || {};","        /* jslint-ignore-begin */","        local.assetsDict['/assets.index.template.html'] = '\\","<!doctype html>\\n\\","<html lang=\"en\">\\n\\","<head>\\n\\","<meta charset=\"UTF-8\">\\n\\","<meta name=\"viewport\" content=\"width=device-width, initial-scale=1\">\\n\\","<title>{{env.npm_package_name}} (v{{env.npm_package_version}})</title>\\n\\","<style>\\n\\","/*csslint\\n\\","    box-sizing: false,\\n\\","    universal-selector: false\\n\\","*/\\n\\","* {\\n\\","    box-sizing: border-box;\\n\\","}\\n\\","body {\\n\\","    background: #dde;\\n\\","    font-family: Arial, Helvetica, sans-serif;\\n\\","    margin: 2rem;\\n\\","}\\n\\","body > * {\\n\\","    margin-bottom: 1rem;\\n\\","}\\n\\",".utility2FooterDiv {\\n\\","    margin-top: 20px;\\n\\","    text-align: center;\\n\\","}\\n\\","</style>\\n\\","<style>\\n\\","/*csslint\\n\\","*/\\n\\","textarea {\\n\\","    font-family: monospace;\\n\\","    height: 10rem;\\n\\","    width: 100%;\\n\\","}\\n\\","textarea[readonly] {\\n\\","    background: #ddd;\\n\\","}\\n\\","</style>\\n\\","</head>\\n\\","<body>\\n\\","<!-- utility2-comment\\n\\","<div id=\"ajaxProgressDiv1\" style=\"background: #d00; height: 2px; left: 0; margin: 0; padding: 0; position: fixed; top: 0; transition: background 0.5s, width 1.5s; width: 25%;\"></div>\\n\\","utility2-comment -->\\n\\","<h1>\\n\\","<!-- utility2-comment\\n\\","    <a\\n\\","        {{#if env.npm_package_homepage}}\\n\\","        href=\"{{env.npm_package_homepage}}\"\\n\\","        {{/if env.npm_package_homepage}}\\n\\","        target=\"_blank\"\\n\\","    >\\n\\","utility2-comment -->\\n\\","        {{env.npm_package_name}} (v{{env.npm_package_version}})\\n\\","<!-- utility2-comment\\n\\","    </a>\\n\\","utility2-comment -->\\n\\","</h1>\\n\\","<h3>{{env.npm_package_description}}</h3>\\n\\","<!-- utility2-comment\\n\\","<h4><a download href=\"assets.app.js\">download standalone app</a></h4>\\n\\","<button class=\"onclick onreset\" id=\"testRunButton1\">run internal test</button><br>\\n\\","<div id=\"testReportDiv1\" style=\"display: none;\"></div>\\n\\","utility2-comment -->\\n\\","\\n\\","\\n\\","\\n\\","<label>stderr and stdout</label>\\n\\","<textarea class=\"resettable\" id=\"outputTextareaStdout1\" readonly></textarea>\\n\\","<!-- utility2-comment\\n\\","{{#if isRollup}}\\n\\","<script src=\"assets.app.js\"></script>\\n\\","{{#unless isRollup}}\\n\\","utility2-comment -->\\n\\","<script src=\"assets.utility2.rollup.js\"></script>\\n\\","<script src=\"jsonp.utility2._stateInit?callback=window.utility2._stateInit\"></script>\\n\\","<script src=\"assets.npmtest_radium.rollup.js\"></script>\\n\\","<script src=\"assets.example.js\"></script>\\n\\","<script src=\"assets.test.js\"></script>\\n\\","<!-- utility2-comment\\n\\","{{/if isRollup}}\\n\\","utility2-comment -->\\n\\","<div class=\"utility2FooterDiv\">\\n\\","    [ this app was created with\\n\\","    <a href=\"https://github.com/kaizhu256/node-utility2\" target=\"_blank\">utility2</a>\\n\\","    ]\\n\\","</div>\\n\\","</body>\\n\\","</html>\\n\\","';","        /* jslint-ignore-end */","        if (local.templateRender) {","            local.assetsDict['/'] = local.templateRender(","                local.assetsDict['/assets.index.template.html'],","                {","                    env: local.objectSetDefault(local.env, {","                        npm_package_description: 'the greatest app in the world!',","                        npm_package_name: 'my-app',","                        npm_package_nameAlias: 'my_app',","                        npm_package_version: '0.0.1'","                    })","                }","            );","        } else {","            local.assetsDict['/'] = local.assetsDict['/assets.index.template.html']","                .replace((/\\{\\{env\\.(\\w+?)\\}\\}/g), function (match0, match1) {","                    // jslint-hack","                    String(match0);","                    switch (match1) {","                    case 'npm_package_description':","                        return 'the greatest app in the world!';","                    case 'npm_package_name':","                        return 'my-app';","                    case 'npm_package_nameAlias':","                        return 'my_app';","                    case 'npm_package_version':","                        return '0.0.1';","                    }","                });","        }","        // run the cli","        if (local.global.utility2_rollup || module !== require.main) {","            break;","        }","        local.assetsDict['/assets.example.js'] =","            local.assetsDict['/assets.example.js'] ||","            local.fs.readFileSync(__filename, 'utf8');","        // bug-workaround - long $npm_package_buildCustomOrg","        /* jslint-ignore-begin */","        local.assetsDict['/assets.npmtest_radium.rollup.js'] =","            local.assetsDict['/assets.npmtest_radium.rollup.js'] ||","            local.fs.readFileSync(","                local.npmtest_radium.__dirname + '/lib.npmtest_radium.js',","                'utf8'","            ).replace((/^#!/), '//');","        /* jslint-ignore-end */","        local.assetsDict['/favicon.ico'] = local.assetsDict['/favicon.ico'] || '';","        // if $npm_config_timeout_exit exists,","        // then exit this process after $npm_config_timeout_exit ms","        if (Number(process.env.npm_config_timeout_exit)) {","            setTimeout(process.exit, Number(process.env.npm_config_timeout_exit));","        }","        // start server","        if (local.global.utility2_serverHttp1) {","            break;","        }","        process.env.PORT = process.env.PORT || '8081';","        console.error('server starting on port ' + process.env.PORT);","        local.http.createServer(function (request, response) {","            request.urlParsed = local.url.parse(request.url);","            if (local.assetsDict[request.urlParsed.pathname] !== undefined) {","                response.end(local.assetsDict[request.urlParsed.pathname]);","                return;","            }","            response.statusCode = 404;","            response.end();","        }).listen(process.env.PORT);","        break;","    }","}());",""],"l":{"26":2,"28":2,"33":2,"35":2,"37":2,"38":2,"39":2,"44":1,"51":2,"55":2,"59":2,"61":2,"69":1,"70":2,"76":2,"79":2,"82":2,"83":2,"85":1,"89":2,"92":1,"93":1,"94":1,"96":1,"97":1,"100":1,"101":1,"103":1,"106":1,"108":2,"114":1,"116":1,"118":1,"123":1,"124":2,"125":2,"126":3,"127":3,"128":3,"129":3,"130":1,"133":3,"134":3,"139":3,"143":1,"144":3,"145":1,"149":1,"150":1,"158":1,"160":1,"161":1,"162":1,"164":1,"166":1,"258":1,"259":1,"271":1,"274":6,"275":6,"277":1,"279":2,"281":1,"283":2,"288":1,"289":1,"291":1,"296":1,"303":1,"306":1,"307":1,"310":1,"311":1,"313":1,"314":1,"315":1,"316":1,"317":1,"318":1,"319":1,"321":1,"322":1,"324":1}},"/home/travis/build/npmtest/node-npmtest-radium/node_modules/radium/lib/index.js":{"path":"/home/travis/build/npmtest/node-npmtest-radium/node_modules/radium/lib/index.js","s":{"1":2,"2":2,"3":0,"4":0,"5":0,"6":0,"7":0,"8":0,"9":0,"10":0,"11":0,"12":0,"13":0,"14":0,"15":1,"16":0,"17":1,"18":0,"19":0,"20":0,"21":0,"22":0,"23":0,"24":0,"25":0,"26":0,"27":0},"b":{"1":[0,0],"2":[0,0],"3":[0,0]},"f":{"1":0,"2":0},"fnMap":{"1":{"name":"_interopRequireDefault","line":33,"loc":{"start":{"line":33,"column":0},"end":{"line":33,"column":37}}},"2":{"name":"Radium","line":35,"loc":{"start":{"line":35,"column":0},"end":{"line":35,"column":35}}}},"statementMap":{"1":{"start":{"line":3,"column":0},"end":{"line":5,"column":3}},"2":{"start":{"line":7,"column":0},"end":{"line":7,"column":38}},"3":{"start":{"line":9,"column":0},"end":{"line":9,"column":51}},"4":{"start":{"line":11,"column":0},"end":{"line":11,"column":36}},"5":{"start":{"line":13,"column":0},"end":{"line":13,"column":49}},"6":{"start":{"line":15,"column":0},"end":{"line":15,"column":43}},"7":{"start":{"line":17,"column":0},"end":{"line":17,"column":45}},"8":{"start":{"line":19,"column":0},"end":{"line":19,"column":52}},"9":{"start":{"line":21,"column":0},"end":{"line":21,"column":53}},"10":{"start":{"line":23,"column":0},"end":{"line":23,"column":39}},"11":{"start":{"line":25,"column":0},"end":{"line":25,"column":51}},"12":{"start":{"line":27,"column":0},"end":{"line":27,"column":40}},"13":{"start":{"line":29,"column":0},"end":{"line":29,"column":53}},"14":{"start":{"line":31,"column":0},"end":{"line":31,"column":49}},"15":{"start":{"line":33,"column":0},"end":{"line":33,"column":95}},"16":{"start":{"line":33,"column":39},"end":{"line":33,"column":93}},"17":{"start":{"line":35,"column":0},"end":{"line":37,"column":1}},"18":{"start":{"line":36,"column":2},"end":{"line":36,"column":52}},"19":{"start":{"line":39,"column":0},"end":{"line":39,"column":35}},"20":{"start":{"line":40,"column":0},"end":{"line":40,"column":31}},"21":{"start":{"line":41,"column":0},"end":{"line":41,"column":39}},"22":{"start":{"line":42,"column":0},"end":{"line":42,"column":37}},"23":{"start":{"line":43,"column":0},"end":{"line":43,"column":39}},"24":{"start":{"line":45,"column":0},"end":{"line":51,"column":1}},"25":{"start":{"line":46,"column":2},"end":{"line":50,"column":4}},"26":{"start":{"line":53,"column":0},"end":{"line":53,"column":25}},"27":{"start":{"line":54,"column":0},"end":{"line":54,"column":36}}},"branchMap":{"1":{"line":33,"type":"cond-expr","locations":[{"start":{"line":33,"column":70},"end":{"line":33,"column":73}},{"start":{"line":33,"column":76},"end":{"line":33,"column":92}}]},"2":{"line":33,"type":"binary-expr","locations":[{"start":{"line":33,"column":46},"end":{"line":33,"column":49}},{"start":{"line":33,"column":53},"end":{"line":33,"column":67}}]},"3":{"line":45,"type":"if","locations":[{"start":{"line":45,"column":0},"end":{"line":45,"column":0}},{"start":{"line":45,"column":0},"end":{"line":45,"column":0}}]}},"code":["'use strict';","","Object.defineProperty(exports, \"__esModule\", {","  value: true","});","","var _enhancer = require('./enhancer');","","var _enhancer2 = _interopRequireDefault(_enhancer);","","var _plugins = require('./plugins');","","var _plugins2 = _interopRequireDefault(_plugins);","","var _style = require('./components/style');","","var _style2 = _interopRequireDefault(_style);","","var _styleRoot = require('./components/style-root');","","var _styleRoot2 = _interopRequireDefault(_styleRoot);","","var _getState = require('./get-state');","","var _getState2 = _interopRequireDefault(_getState);","","var _keyframes = require('./keyframes');","","var _keyframes2 = _interopRequireDefault(_keyframes);","","var _resolveStyles = require('./resolve-styles');","","function _interopRequireDefault(obj) { return obj && obj.__esModule ? obj : { default: obj }; }","","function Radium(ComposedComponent) {","  return (0, _enhancer2.default)(ComposedComponent);","}","","Radium.Plugins = _plugins2.default;","Radium.Style = _style2.default;","Radium.StyleRoot = _styleRoot2.default;","Radium.getState = _getState2.default;","Radium.keyframes = _keyframes2.default;","","if (process.env.NODE_ENV !== 'production') {","  Radium.TestMode = {","    clearState: _resolveStyles.__clearStateForTests,","    disable: _resolveStyles.__setTestMode.bind(null, false),","    enable: _resolveStyles.__setTestMode.bind(null, true)","  };","}","","exports.default = Radium;","module.exports = exports['default'];"],"l":{"3":2,"7":2,"9":0,"11":0,"13":0,"15":0,"17":0,"19":0,"21":0,"23":0,"25":0,"27":0,"29":0,"31":0,"33":1,"35":1,"36":0,"39":0,"40":0,"41":0,"42":0,"43":0,"45":0,"46":0,"53":0,"54":0}},"/home/travis/build/npmtest/node-npmtest-radium/node_modules/radium/lib/enhancer.js":{"path":"/home/travis/build/npmtest/node-npmtest-radium/node_modules/radium/lib/enhancer.js","s":{"1":4,"2":4,"3":0,"4":0,"5":0,"6":0,"7":0,"8":0,"9":4,"10":4,"11":0,"12":0,"13":0,"14":0,"15":1,"16":0,"17":1,"18":0,"19":0,"20":1,"21":0,"22":0,"23":0,"24":1,"25":0,"26":0,"27":0,"28":0,"29":0,"30":0,"31":1,"32":0,"33":0,"34":0,"35":0,"36":1,"37":0,"38":1,"39":0,"40":0,"41":0,"42":0,"43":0,"44":0,"45":0,"46":0,"47":0,"48":0,"49":0,"50":1,"51":0,"52":0,"53":0,"54":0,"55":0,"56":0,"57":0,"58":0,"59":1,"60":0,"61":0,"62":0,"63":0,"64":0,"65":0,"66":0,"67":0,"68":0,"69":0,"70":0,"71":0,"72":0,"73":0,"74":0,"75":0,"76":0,"77":0,"78":0,"79":0,"80":0,"81":0,"82":0,"83":0,"84":0,"85":0,"86":0,"87":0,"88":0,"89":0,"90":0,"91":0,"92":0,"93":0,"94":0,"95":0,"96":0,"97":0,"98":0,"99":0},"b":{"1":[4,0],"2":[0,0],"3":[0,0],"4":[0,0],"5":[0,0],"6":[0,0],"7":[0,0],"8":[0,0,0],"9":[0,0],"10":[0,0],"11":[0,0],"12":[0,0],"13":[0,0],"14":[0,0],"15":[0,0],"16":[0,0],"17":[0,0],"18":[0,0],"19":[0,0],"20":[0,0],"21":[0,0],"22":[0,0],"23":[0,0],"24":[0,0],"25":[0,0],"26":[0,0],"27":[0,0],"28":[0,0],"29":[0,0],"30":[0,0,0],"31":[0,0],"32":[0,0],"33":[0,0],"34":[0,0],"35":[0,0],"36":[0,0,0]},"f":{"1":0,"2":0,"3":0,"4":0,"5":0,"6":0,"7":0,"8":0,"9":0,"10":0,"11":0,"12":0,"13":0,"14":0,"15":0,"16":0,"17":0,"18":0,"19":0},"fnMap":{"1":{"name":"(anonymous_1)","line":7,"loc":{"start":{"line":7,"column":32},"end":{"line":7,"column":50}}},"2":{"name":"_interopRequireDefault","line":21,"loc":{"start":{"line":21,"column":0},"end":{"line":21,"column":37}}},"3":{"name":"_classCallCheck","line":23,"loc":{"start":{"line":23,"column":0},"end":{"line":23,"column":48}}},"4":{"name":"_possibleConstructorReturn","line":25,"loc":{"start":{"line":25,"column":0},"end":{"line":25,"column":48}}},"5":{"name":"_inherits","line":27,"loc":{"start":{"line":27,"column":0},"end":{"line":27,"column":41}}},"6":{"name":"copyProperties","line":31,"loc":{"start":{"line":31,"column":0},"end":{"line":31,"column":40}}},"7":{"name":"(anonymous_7)","line":32,"loc":{"start":{"line":32,"column":45},"end":{"line":32,"column":60}}},"8":{"name":"isStateless","line":40,"loc":{"start":{"line":40,"column":0},"end":{"line":40,"column":32}}},"9":{"name":"enhanceWithRadium","line":44,"loc":{"start":{"line":44,"column":0},"end":{"line":44,"column":54}}},"10":{"name":"(anonymous_10)","line":51,"loc":{"start":{"line":51,"column":11},"end":{"line":51,"column":40}}},"11":{"name":"(anonymous_11)","line":61,"loc":{"start":{"line":61,"column":24},"end":{"line":61,"column":46}}},"12":{"name":"ComposedComponent","line":64,"loc":{"start":{"line":64,"column":6},"end":{"line":64,"column":35}}},"13":{"name":"render","line":70,"loc":{"start":{"line":70,"column":43},"end":{"line":70,"column":61}}},"14":{"name":"(anonymous_14)","line":79,"loc":{"start":{"line":79,"column":41},"end":{"line":79,"column":71}}},"15":{"name":"RadiumEnhancer","line":82,"loc":{"start":{"line":82,"column":4},"end":{"line":82,"column":30}}},"16":{"name":"componentWillUnmount","line":93,"loc":{"start":{"line":93,"column":52},"end":{"line":93,"column":84}}},"17":{"name":"(anonymous_17)","line":105,"loc":{"start":{"line":105,"column":68},"end":{"line":105,"column":85}}},"18":{"name":"getChildContext","line":111,"loc":{"start":{"line":111,"column":47},"end":{"line":111,"column":74}}},"19":{"name":"render","line":127,"loc":{"start":{"line":127,"column":38},"end":{"line":127,"column":56}}}},"statementMap":{"1":{"start":{"line":3,"column":0},"end":{"line":5,"column":3}},"2":{"start":{"line":7,"column":0},"end":{"line":7,"column":257}},"3":{"start":{"line":7,"column":52},"end":{"line":7,"column":239}},"4":{"start":{"line":7,"column":97},"end":{"line":7,"column":123}},"5":{"start":{"line":7,"column":124},"end":{"line":7,"column":237}},"6":{"start":{"line":7,"column":150},"end":{"line":7,"column":235}},"7":{"start":{"line":7,"column":207},"end":{"line":7,"column":233}},"8":{"start":{"line":7,"column":240},"end":{"line":7,"column":254}},"9":{"start":{"line":9,"column":0},"end":{"line":9,"column":36}},"10":{"start":{"line":11,"column":0},"end":{"line":11,"column":30}},"11":{"start":{"line":13,"column":0},"end":{"line":13,"column":48}},"12":{"start":{"line":15,"column":0},"end":{"line":15,"column":57}},"13":{"start":{"line":17,"column":0},"end":{"line":17,"column":52}},"14":{"start":{"line":19,"column":0},"end":{"line":19,"column":61}},"15":{"start":{"line":21,"column":0},"end":{"line":21,"column":95}},"16":{"start":{"line":21,"column":39},"end":{"line":21,"column":93}},"17":{"start":{"line":23,"column":0},"end":{"line":23,"column":153}},"18":{"start":{"line":23,"column":50},"end":{"line":23,"column":151}},"19":{"start":{"line":23,"column":92},"end":{"line":23,"column":149}},"20":{"start":{"line":25,"column":0},"end":{"line":25,"column":240}},"21":{"start":{"line":25,"column":50},"end":{"line":25,"column":151}},"22":{"start":{"line":25,"column":63},"end":{"line":25,"column":149}},"23":{"start":{"line":25,"column":152},"end":{"line":25,"column":238}},"24":{"start":{"line":27,"column":0},"end":{"line":27,"column":494}},"25":{"start":{"line":27,"column":43},"end":{"line":27,"column":208}},"26":{"start":{"line":27,"column":106},"end":{"line":27,"column":206}},"27":{"start":{"line":27,"column":209},"end":{"line":27,"column":373}},"28":{"start":{"line":27,"column":374},"end":{"line":27,"column":492}},"29":{"start":{"line":27,"column":390},"end":{"line":27,"column":492}},"30":{"start":{"line":29,"column":0},"end":{"line":29,"column":118}},"31":{"start":{"line":31,"column":0},"end":{"line":38,"column":1}},"32":{"start":{"line":32,"column":2},"end":{"line":37,"column":5}},"33":{"start":{"line":33,"column":4},"end":{"line":36,"column":5}},"34":{"start":{"line":34,"column":6},"end":{"line":34,"column":68}},"35":{"start":{"line":35,"column":6},"end":{"line":35,"column":53}},"36":{"start":{"line":40,"column":0},"end":{"line":42,"column":1}},"37":{"start":{"line":41,"column":2},"end":{"line":41,"column":83}},"38":{"start":{"line":44,"column":0},"end":{"line":174,"column":1}},"39":{"start":{"line":45,"column":2},"end":{"line":45,"column":20}},"40":{"start":{"line":47,"column":2},"end":{"line":47,"column":86}},"41":{"start":{"line":49,"column":2},"end":{"line":54,"column":3}},"42":{"start":{"line":50,"column":4},"end":{"line":50,"column":68}},"43":{"start":{"line":51,"column":4},"end":{"line":53,"column":6}},"44":{"start":{"line":52,"column":6},"end":{"line":52,"column":61}},"45":{"start":{"line":56,"column":2},"end":{"line":56,"column":44}},"46":{"start":{"line":57,"column":2},"end":{"line":57,"column":36}},"47":{"start":{"line":60,"column":2},"end":{"line":77,"column":3}},"48":{"start":{"line":61,"column":4},"end":{"line":75,"column":24}},"49":{"start":{"line":62,"column":6},"end":{"line":62,"column":47}},"50":{"start":{"line":64,"column":6},"end":{"line":68,"column":7}},"51":{"start":{"line":65,"column":8},"end":{"line":65,"column":49}},"52":{"start":{"line":67,"column":8},"end":{"line":67,"column":83}},"53":{"start":{"line":70,"column":6},"end":{"line":72,"column":8}},"54":{"start":{"line":71,"column":8},"end":{"line":71,"column":51}},"55":{"start":{"line":74,"column":6},"end":{"line":74,"column":31}},"56":{"start":{"line":76,"column":4},"end":{"line":76,"column":76}},"57":{"start":{"line":79,"column":2},"end":{"line":139,"column":64}},"58":{"start":{"line":80,"column":4},"end":{"line":80,"column":50}},"59":{"start":{"line":82,"column":4},"end":{"line":91,"column":5}},"60":{"start":{"line":83,"column":6},"end":{"line":83,"column":44}},"61":{"start":{"line":85,"column":6},"end":{"line":85,"column":95}},"62":{"start":{"line":87,"column":6},"end":{"line":87,"column":40}},"63":{"start":{"line":88,"column":6},"end":{"line":88,"column":42}},"64":{"start":{"line":89,"column":6},"end":{"line":89,"column":37}},"65":{"start":{"line":90,"column":6},"end":{"line":90,"column":20}},"66":{"start":{"line":93,"column":4},"end":{"line":109,"column":6}},"67":{"start":{"line":94,"column":6},"end":{"line":96,"column":7}},"68":{"start":{"line":95,"column":8},"end":{"line":95,"column":69}},"69":{"start":{"line":98,"column":6},"end":{"line":98,"column":36}},"70":{"start":{"line":100,"column":6},"end":{"line":102,"column":7}},"71":{"start":{"line":101,"column":8},"end":{"line":101,"column":45}},"72":{"start":{"line":104,"column":6},"end":{"line":108,"column":7}},"73":{"start":{"line":105,"column":8},"end":{"line":107,"column":17}},"74":{"start":{"line":106,"column":10},"end":{"line":106,"column":65}},"75":{"start":{"line":111,"column":4},"end":{"line":125,"column":6}},"76":{"start":{"line":112,"column":6},"end":{"line":112,"column":138}},"77":{"start":{"line":114,"column":6},"end":{"line":116,"column":7}},"78":{"start":{"line":115,"column":8},"end":{"line":115,"column":33}},"79":{"start":{"line":118,"column":6},"end":{"line":118,"column":55}},"80":{"start":{"line":120,"column":6},"end":{"line":122,"column":7}},"81":{"start":{"line":121,"column":8},"end":{"line":121,"column":59}},"82":{"start":{"line":124,"column":6},"end":{"line":124,"column":24}},"83":{"start":{"line":127,"column":4},"end":{"line":136,"column":6}},"84":{"start":{"line":128,"column":6},"end":{"line":128,"column":75}},"85":{"start":{"line":129,"column":6},"end":{"line":129,"column":90}},"86":{"start":{"line":131,"column":6},"end":{"line":133,"column":7}},"87":{"start":{"line":132,"column":8},"end":{"line":132,"column":60}},"88":{"start":{"line":135,"column":6},"end":{"line":135,"column":80}},"89":{"start":{"line":138,"column":4},"end":{"line":138,"column":26}},"90":{"start":{"line":146,"column":2},"end":{"line":146,"column":44}},"91":{"start":{"line":148,"column":2},"end":{"line":153,"column":3}},"92":{"start":{"line":152,"column":4},"end":{"line":152,"column":74}},"93":{"start":{"line":155,"column":2},"end":{"line":159,"column":3}},"94":{"start":{"line":156,"column":4},"end":{"line":158,"column":7}},"95":{"start":{"line":161,"column":2},"end":{"line":161,"column":86}},"96":{"start":{"line":163,"column":2},"end":{"line":166,"column":5}},"97":{"start":{"line":168,"column":2},"end":{"line":171,"column":5}},"98":{"start":{"line":173,"column":2},"end":{"line":173,"column":24}},"99":{"start":{"line":175,"column":0},"end":{"line":175,"column":36}}},"branchMap":{"1":{"line":7,"type":"binary-expr","locations":[{"start":{"line":7,"column":15},"end":{"line":7,"column":28}},{"start":{"line":7,"column":32},"end":{"line":7,"column":256}}]},"2":{"line":7,"type":"if","locations":[{"start":{"line":7,"column":150},"end":{"line":7,"column":150}},{"start":{"line":7,"column":150},"end":{"line":7,"column":150}}]},"3":{"line":21,"type":"cond-expr","locations":[{"start":{"line":21,"column":70},"end":{"line":21,"column":73}},{"start":{"line":21,"column":76},"end":{"line":21,"column":92}}]},"4":{"line":21,"type":"binary-expr","locations":[{"start":{"line":21,"column":46},"end":{"line":21,"column":49}},{"start":{"line":21,"column":53},"end":{"line":21,"column":67}}]},"5":{"line":23,"type":"if","locations":[{"start":{"line":23,"column":50},"end":{"line":23,"column":50}},{"start":{"line":23,"column":50},"end":{"line":23,"column":50}}]},"6":{"line":25,"type":"if","locations":[{"start":{"line":25,"column":50},"end":{"line":25,"column":50}},{"start":{"line":25,"column":50},"end":{"line":25,"column":50}}]},"7":{"line":25,"type":"cond-expr","locations":[{"start":{"line":25,"column":226},"end":{"line":25,"column":230}},{"start":{"line":25,"column":233},"end":{"line":25,"column":237}}]},"8":{"line":25,"type":"binary-expr","locations":[{"start":{"line":25,"column":159},"end":{"line":25,"column":163}},{"start":{"line":25,"column":168},"end":{"line":25,"column":192}},{"start":{"line":25,"column":196},"end":{"line":25,"column":222}}]},"9":{"line":27,"type":"if","locations":[{"start":{"line":27,"column":43},"end":{"line":27,"column":43}},{"start":{"line":27,"column":43},"end":{"line":27,"column":43}}]},"10":{"line":27,"type":"binary-expr","locations":[{"start":{"line":27,"column":47},"end":{"line":27,"column":79}},{"start":{"line":27,"column":83},"end":{"line":27,"column":102}}]},"11":{"line":27,"type":"binary-expr","locations":[{"start":{"line":27,"column":244},"end":{"line":27,"column":254}},{"start":{"line":27,"column":258},"end":{"line":27,"column":278}}]},"12":{"line":27,"type":"if","locations":[{"start":{"line":27,"column":374},"end":{"line":27,"column":374}},{"start":{"line":27,"column":374},"end":{"line":27,"column":374}}]},"13":{"line":27,"type":"cond-expr","locations":[{"start":{"line":27,"column":414},"end":{"line":27,"column":457}},{"start":{"line":27,"column":460},"end":{"line":27,"column":491}}]},"14":{"line":33,"type":"if","locations":[{"start":{"line":33,"column":4},"end":{"line":33,"column":4}},{"start":{"line":33,"column":4},"end":{"line":33,"column":4}}]},"15":{"line":33,"type":"binary-expr","locations":[{"start":{"line":33,"column":8},"end":{"line":33,"column":63}},{"start":{"line":33,"column":67},"end":{"line":33,"column":94}}]},"16":{"line":41,"type":"binary-expr","locations":[{"start":{"line":41,"column":9},"end":{"line":41,"column":26}},{"start":{"line":41,"column":30},"end":{"line":41,"column":82}}]},"17":{"line":41,"type":"binary-expr","locations":[{"start":{"line":41,"column":32},"end":{"line":41,"column":51}},{"start":{"line":41,"column":55},"end":{"line":41,"column":81}}]},"18":{"line":47,"type":"cond-expr","locations":[{"start":{"line":47,"column":68},"end":{"line":47,"column":80}},{"start":{"line":47,"column":83},"end":{"line":47,"column":85}}]},"19":{"line":47,"type":"binary-expr","locations":[{"start":{"line":47,"column":15},"end":{"line":47,"column":35}},{"start":{"line":47,"column":39},"end":{"line":47,"column":65}}]},"20":{"line":49,"type":"if","locations":[{"start":{"line":49,"column":2},"end":{"line":49,"column":2}},{"start":{"line":49,"column":2},"end":{"line":49,"column":2}}]},"21":{"line":60,"type":"if","locations":[{"start":{"line":60,"column":2},"end":{"line":60,"column":2}},{"start":{"line":60,"column":2},"end":{"line":60,"column":2}}]},"22":{"line":76,"type":"binary-expr","locations":[{"start":{"line":76,"column":36},"end":{"line":76,"column":57}},{"start":{"line":76,"column":61},"end":{"line":76,"column":75}}]},"23":{"line":87,"type":"binary-expr","locations":[{"start":{"line":87,"column":21},"end":{"line":87,"column":33}},{"start":{"line":87,"column":37},"end":{"line":87,"column":39}}]},"24":{"line":94,"type":"if","locations":[{"start":{"line":94,"column":6},"end":{"line":94,"column":6}},{"start":{"line":94,"column":6},"end":{"line":94,"column":6}}]},"25":{"line":100,"type":"if","locations":[{"start":{"line":100,"column":6},"end":{"line":100,"column":6}},{"start":{"line":100,"column":6},"end":{"line":100,"column":6}}]},"26":{"line":104,"type":"if","locations":[{"start":{"line":104,"column":6},"end":{"line":104,"column":6}},{"start":{"line":104,"column":6},"end":{"line":104,"column":6}}]},"27":{"line":112,"type":"cond-expr","locations":[{"start":{"line":112,"column":77},"end":{"line":112,"column":132}},{"start":{"line":112,"column":135},"end":{"line":112,"column":137}}]},"28":{"line":114,"type":"if","locations":[{"start":{"line":114,"column":6},"end":{"line":114,"column":6}},{"start":{"line":114,"column":6},"end":{"line":114,"column":6}}]},"29":{"line":120,"type":"if","locations":[{"start":{"line":120,"column":6},"end":{"line":120,"column":6}},{"start":{"line":120,"column":6},"end":{"line":120,"column":6}}]},"30":{"line":129,"type":"binary-expr","locations":[{"start":{"line":129,"column":26},"end":{"line":129,"column":49}},{"start":{"line":129,"column":53},"end":{"line":129,"column":79}},{"start":{"line":129,"column":83},"end":{"line":129,"column":89}}]},"31":{"line":131,"type":"if","locations":[{"start":{"line":131,"column":6},"end":{"line":131,"column":6}},{"start":{"line":131,"column":6},"end":{"line":131,"column":6}}]},"32":{"line":131,"type":"binary-expr","locations":[{"start":{"line":131,"column":10},"end":{"line":131,"column":16}},{"start":{"line":131,"column":20},"end":{"line":131,"column":44}}]},"33":{"line":148,"type":"if","locations":[{"start":{"line":148,"column":2},"end":{"line":148,"column":2}},{"start":{"line":148,"column":2},"end":{"line":148,"column":2}}]},"34":{"line":155,"type":"if","locations":[{"start":{"line":155,"column":2},"end":{"line":155,"column":2}},{"start":{"line":155,"column":2},"end":{"line":155,"column":2}}]},"35":{"line":155,"type":"binary-expr","locations":[{"start":{"line":155,"column":6},"end":{"line":155,"column":30}},{"start":{"line":155,"column":34},"end":{"line":155,"column":64}}]},"36":{"line":161,"type":"binary-expr","locations":[{"start":{"line":161,"column":31},"end":{"line":161,"column":52}},{"start":{"line":161,"column":56},"end":{"line":161,"column":70}},{"start":{"line":161,"column":74},"end":{"line":161,"column":85}}]}},"code":["'use strict';","","Object.defineProperty(exports, \"__esModule\", {","  value: true","});","","var _extends = Object.assign || function (target) { for (var i = 1; i < arguments.length; i++) { var source = arguments[i]; for (var key in source) { if (Object.prototype.hasOwnProperty.call(source, key)) { target[key] = source[key]; } } } return target; };","","exports.default = enhanceWithRadium;","","var _react = require('react');","","var _styleKeeper = require('./style-keeper.js');","","var _styleKeeper2 = _interopRequireDefault(_styleKeeper);","","var _resolveStyles = require('./resolve-styles.js');","","var _resolveStyles2 = _interopRequireDefault(_resolveStyles);","","function _interopRequireDefault(obj) { return obj && obj.__esModule ? obj : { default: obj }; }","","function _classCallCheck(instance, Constructor) { if (!(instance instanceof Constructor)) { throw new TypeError(\"Cannot call a class as a function\"); } }","","function _possibleConstructorReturn(self, call) { if (!self) { throw new ReferenceError(\"this hasn't been initialised - super() hasn't been called\"); } return call && (typeof call === \"object\" || typeof call === \"function\") ? call : self; }","","function _inherits(subClass, superClass) { if (typeof superClass !== \"function\" && superClass !== null) { throw new TypeError(\"Super expression must either be null or a function, not \" + typeof superClass); } subClass.prototype = Object.create(superClass && superClass.prototype, { constructor: { value: subClass, enumerable: false, writable: true, configurable: true } }); if (superClass) Object.setPrototypeOf ? Object.setPrototypeOf(subClass, superClass) : subClass.__proto__ = superClass; }","","var KEYS_TO_IGNORE_WHEN_COPYING_PROPERTIES = ['arguments', 'callee', 'caller', 'length', 'name', 'prototype', 'type'];","","function copyProperties(source, target) {","  Object.getOwnPropertyNames(source).forEach(function (key) {","    if (KEYS_TO_IGNORE_WHEN_COPYING_PROPERTIES.indexOf(key) < 0 && !target.hasOwnProperty(key)) {","      var descriptor = Object.getOwnPropertyDescriptor(source, key);","      Object.defineProperty(target, key, descriptor);","    }","  });","}","","function isStateless(component) {","  return !component.render && !(component.prototype && component.prototype.render);","}","","function enhanceWithRadium(configOrComposedComponent) {","  var _class, _temp;","","  var config = arguments.length > 1 && arguments[1] !== undefined ? arguments[1] : {};","","  if (typeof configOrComposedComponent !== 'function') {","    var newConfig = _extends({}, config, configOrComposedComponent);","    return function (configOrComponent) {","      return enhanceWithRadium(configOrComponent, newConfig);","    };","  }","","  var component = configOrComposedComponent;","  var ComposedComponent = component;","","  // Handle stateless components","  if (isStateless(ComposedComponent)) {","    ComposedComponent = function (_Component) {","      _inherits(ComposedComponent, _Component);","","      function ComposedComponent() {","        _classCallCheck(this, ComposedComponent);","","        return _possibleConstructorReturn(this, _Component.apply(this, arguments));","      }","","      ComposedComponent.prototype.render = function render() {","        return component(this.props, this.context);","      };","","      return ComposedComponent;","    }(_react.Component);","    ComposedComponent.displayName = component.displayName || component.name;","  }","","  var RadiumEnhancer = (_temp = _class = function (_ComposedComponent) {","    _inherits(RadiumEnhancer, _ComposedComponent);","","    function RadiumEnhancer() {","      _classCallCheck(this, RadiumEnhancer);","","      var _this2 = _possibleConstructorReturn(this, _ComposedComponent.apply(this, arguments));","","      _this2.state = _this2.state || {};","      _this2.state._radiumStyleState = {};","      _this2._radiumIsMounted = true;","      return _this2;","    }","","    RadiumEnhancer.prototype.componentWillUnmount = function componentWillUnmount() {","      if (_ComposedComponent.prototype.componentWillUnmount) {","        _ComposedComponent.prototype.componentWillUnmount.call(this);","      }","","      this._radiumIsMounted = false;","","      if (this._radiumMouseUpListener) {","        this._radiumMouseUpListener.remove();","      }","","      if (this._radiumMediaQueryListenersByQuery) {","        Object.keys(this._radiumMediaQueryListenersByQuery).forEach(function (query) {","          this._radiumMediaQueryListenersByQuery[query].remove();","        }, this);","      }","    };","","    RadiumEnhancer.prototype.getChildContext = function getChildContext() {","      var superChildContext = _ComposedComponent.prototype.getChildContext ? _ComposedComponent.prototype.getChildContext.call(this) : {};","","      if (!this.props.radiumConfig) {","        return superChildContext;","      }","","      var newContext = _extends({}, superChildContext);","","      if (this.props.radiumConfig) {","        newContext._radiumConfig = this.props.radiumConfig;","      }","","      return newContext;","    };","","    RadiumEnhancer.prototype.render = function render() {","      var renderedElement = _ComposedComponent.prototype.render.call(this);","      var currentConfig = this.props.radiumConfig || this.context._radiumConfig || config;","","      if (config && currentConfig !== config) {","        currentConfig = _extends({}, config, currentConfig);","      }","","      return (0, _resolveStyles2.default)(this, renderedElement, currentConfig);","    };","","    return RadiumEnhancer;","  }(ComposedComponent), _class._isRadiumEnhanced = true, _temp);","","  // Class inheritance uses Object.create and because of __proto__ issues","  // with IE <10 any static properties of the superclass aren't inherited and","  // so need to be manually populated.","  // See http://babeljs.io/docs/advanced/caveats/#classes-10-and-below-","","  copyProperties(component, RadiumEnhancer);","","  if (process.env.NODE_ENV !== 'production') {","    // This also fixes React Hot Loader by exposing the original components top","    // level prototype methods on the Radium enhanced prototype as discussed in","    // https://github.com/FormidableLabs/radium/issues/219.","    copyProperties(ComposedComponent.prototype, RadiumEnhancer.prototype);","  }","","  if (RadiumEnhancer.propTypes && RadiumEnhancer.propTypes.style) {","    RadiumEnhancer.propTypes = _extends({}, RadiumEnhancer.propTypes, {","      style: _react.PropTypes.oneOfType([_react.PropTypes.array, _react.PropTypes.object])","    });","  }","","  RadiumEnhancer.displayName = component.displayName || component.name || 'Component';","","  RadiumEnhancer.contextTypes = _extends({}, RadiumEnhancer.contextTypes, {","    _radiumConfig: _react.PropTypes.object,","    _radiumStyleKeeper: _react.PropTypes.instanceOf(_styleKeeper2.default)","  });","","  RadiumEnhancer.childContextTypes = _extends({}, RadiumEnhancer.childContextTypes, {","    _radiumConfig: _react.PropTypes.object,","    _radiumStyleKeeper: _react.PropTypes.instanceOf(_styleKeeper2.default)","  });","","  return RadiumEnhancer;","}","module.exports = exports['default'];"],"l":{"3":4,"7":4,"9":4,"11":4,"13":0,"15":0,"17":0,"19":0,"21":1,"23":1,"25":1,"27":1,"29":0,"31":1,"32":0,"33":0,"34":0,"35":0,"40":1,"41":0,"44":1,"45":0,"47":0,"49":0,"50":0,"51":0,"52":0,"56":0,"57":0,"60":0,"61":0,"62":0,"64":1,"65":0,"67":0,"70":0,"71":0,"74":0,"76":0,"79":0,"80":0,"82":1,"83":0,"85":0,"87":0,"88":0,"89":0,"90":0,"93":0,"94":0,"95":0,"98":0,"100":0,"101":0,"104":0,"105":0,"106":0,"111":0,"112":0,"114":0,"115":0,"118":0,"120":0,"121":0,"124":0,"127":0,"128":0,"129":0,"131":0,"132":0,"135":0,"138":0,"146":0,"148":0,"152":0,"155":0,"156":0,"161":0,"163":0,"168":0,"173":0,"175":0}},"/home/travis/build/npmtest/node-npmtest-radium/node_modules/radium/lib/append-important-to-each-value.js":{"path":"/home/travis/build/npmtest/node-npmtest-radium/node_modules/radium/lib/append-important-to-each-value.js","s":{"1":1,"2":1,"3":1,"4":1,"5":1,"6":1,"7":1,"8":2,"9":1,"10":0,"11":0,"12":1},"b":{"1":[0,2],"2":[2,2]},"f":{"1":2,"2":0,"3":0},"fnMap":{"1":{"name":"_interopRequireDefault","line":16,"loc":{"start":{"line":16,"column":0},"end":{"line":16,"column":37}}},"2":{"name":"appendImportantToEachValue","line":18,"loc":{"start":{"line":18,"column":0},"end":{"line":18,"colu
[...]
}},"21":{"start":{"line":27,"column":0},"end":{"line":27,"column":153}},"22":{"start":{"line":27,"column":50},"end":{"line":27,"column":151}},"23":{"start":{"line":27,"column":92},"end":{"line":27,"column":149}},"24":{"start":{"line":29,"column":0},"end":{"line":29,"column":240}},"25":{"start":{"line":29,"column":50},"end":{"line":29,"column":151}},"26":{"start":{"line":29,"column":63},"end":{"line":29,"column":149}},"27":{"start":{"line":29,"column":152},"end":{"line":29,"column":238}},"28":{"start":{"line":31,"column":0},"end":{"line":31,"column":494}},"29":{"start":{"line":31,"column":43},"end":{"line":31,"column":208}},"30":{"start":{"line":31,"column":106},"end":{"line":31,"column":206}},"31":{"start":{"line":31,"column":209},"end":{"line":31,"column":373}},"32":{"start":{"line":31,"column":374},"end":{"line":31,"column":492}},"33":{"start":{"line":31,"column":390},"end":{"line":31,"column":492}},"34":{"start":{"line":33,"column":0},"end":{"line":40,"column":1}},"35":{"start":{"line":34,"column":2},"end":{"line":37,"column":3}},"36":{"start":{"line":35,"column":4},"end":{"line":35,"column":167}},"37":{"start":{"line":36,"column":4},"end":{"line":36,"column":71}},"38":{"start":{"line":39,"column":2},"end":{"line":39,"column":37}},"39":{"start":{"line":42,"column":0},"end":{"line":75,"column":24}},"40":{"start":{"line":43,"column":2},"end":{"line":43,"column":39}},"41":{"start":{"line":45,"column":2},"end":{"line":52,"column":3}},"42":{"start":{"line":46,"column":4},"end":{"line":46,"column":37}},"43":{"start":{"line":48,"column":4},"end":{"line":48,"column":88}},"44":{"start":{"line":50,"column":4},"end":{"line":50,"column":27}},"45":{"start":{"line":51,"column":4},"end":{"line":51,"column":17}},"46":{"start":{"line":54,"column":2},"end":{"line":56,"column":4}},"47":{"start":{"line":55,"column":4},"end":{"line":55,"column":57}},"48":{"start":{"line":58,"column":2},"end":{"line":72,"column":4}},"49":{"start":{"line":61,"column":4},"end":{"line":63,"column":72}},"50":{"start":{"line":66,"column":4},"end":{"line":71,"column":6}},"51":{"start":{"line":74,"column":2},"end":{"line":74,"column":19}},"52":{"start":{"line":77,"column":0},"end":{"line":80,"column":2}},"53":{"start":{"line":82,"column":0},"end":{"line":84,"column":2}},"54":{"start":{"line":86,"column":0},"end":{"line":86,"column":47}},"55":{"start":{"line":88,"column":0},"end":{"line":88,"column":28}},"56":{"start":{"line":89,"column":0},"end":{"line":89,"column":36}}},"branchMap":{"1":{"line":23,"type":"cond-expr","locations":[{"start":{"line":23,"column":70},"end":{"line":23,"column":73}},{"start":{"line":23,"column":76},"end":{"line":23,"column":92}}]},"2":{"line":23,"type":"binary-expr","locations":[{"start":{"line":23,"column":46},"end":{"line":23,"column":49}},{"start":{"line":23,"column":53},"end":{"line":23,"column":67}}]},"3":{"line":25,"type":"if","locations":[{"start":{"line":25,"column":85},"end":{"line":25,"column":85}},{"start":{"line":25,"column":85},"end":{"line":25,"column":85}}]},"4":{"line":25,"type":"if","locations":[{"start":{"line":25,"column":121},"end":{"line":25,"column":121}},{"start":{"line":25,"column":121},"end":{"line":25,"column":121}}]},"5":{"line":27,"type":"if","locations":[{"start":{"line":27,"column":50},"end":{"line":27,"column":50}},{"start":{"line":27,"column":50},"end":{"line":27,"column":50}}]},"6":{"line":29,"type":"if","locations":[{"start":{"line":29,"column":50},"end":{"line":29,"column":50}},{"start":{"line":29,"column":50},"end":{"line":29,"column":50}}]},"7":{"line":29,"type":"cond-expr","locations":[{"start":{"line":29,"column":226},"end":{"line":29,"column":230}},{"start":{"line":29,"column":233},"end":{"line":29,"column":237}}]},"8":{"line":29,"type":"binary-expr","locations":[{"start":{"line":29,"column":159},"end":{"line":29,"column":163}},{"start":{"line":29,"column":168},"end":{"line":29,"column":192}},{"start":{"line":29,"column":196},"end":{"line":29,"column":222}}]},"9":{"line":31,"type":"if","locations":[{"start":{"line":31,"column":43},"end":{"line":31,"column":43}},{"start":{"line":31,"column":43},"end":{"line":31,"column":43}}]},"10":{"line":31,"type":"binary-expr","locations":[{"start":{"line":31,"column":47},"end":{"line":31,"column":79}},{"start":{"line":31,"column":83},"end":{"line":31,"column":102}}]},"11":{"line":31,"type":"binary-expr","locations":[{"start":{"line":31,"column":244},"end":{"line":31,"column":254}},{"start":{"line":31,"column":258},"end":{"line":31,"column":278}}]},"12":{"line":31,"type":"if","locations":[{"start":{"line":31,"column":374},"end":{"line":31,"column":374}},{"start":{"line":31,"column":374},"end":{"line":31,"column":374}}]},"13":{"line":31,"type":"cond-expr","locations":[{"start":{"line":31,"column":414},"end":{"line":31,"column":457}},{"start":{"line":31,"column":460},"end":{"line":31,"column":491}}]},"14":{"line":34,"type":"if","locations":[{"start":{"line":34,"column":2},"end":{"line":34,"column":2}},{"start":{"line":34,"column":2},"end":{"line":34,"column":2}}]},"15":{"line":35,"type":"binary-expr","locations":[{"start":{"line":35,"column":20},"end":{"line":35,"column":47}},{"start":{"line":35,"column":51},"end":{"line":35,"column":88}},{"start":{"line":35,"column":92},"end":{"line":35,"column":122}},{"start":{"line":35,"column":126},"end":{"line":35,"column":166}}]}},"code":["'use strict';","","Object.defineProperty(exports, \"__esModule\", {","  value: true","});","","var _react = require('react');","","var _react2 = _interopRequireDefault(_react);","","var _enhancer = require('../enhancer');","","var _enhancer2 = _interopRequireDefault(_enhancer);","","var _styleKeeper = require('../style-keeper');","","var _styleKeeper2 = _interopRequireDefault(_styleKeeper);","","var _styleSheet = require('./style-sheet');","","var _styleSheet2 = _interopRequireDefault(_styleSheet);","","function _interopRequireDefault(obj) { return obj && obj.__esModule ? obj : { default: obj }; }","","function _objectWithoutProperties(obj, keys) { var target = {}; for (var i in obj) { if (keys.indexOf(i) >= 0) continue; if (!Object.prototype.hasOwnProperty.call(obj, i)) continue; target[i] = obj[i]; } return target; }","","function _classCallCheck(instance, Constructor) { if (!(instance instanceof Constructor)) { throw new TypeError(\"Cannot call a class as a function\"); } }","","function _possibleConstructorReturn(self, call) { if (!self) { throw new ReferenceError(\"this hasn't been initialised - super() hasn't been called\"); } return call && (typeof call === \"object\" || typeof call === \"function\") ? call : self; }","","function _inherits(subClass, superClass) { if (typeof superClass !== \"function\" && superClass !== null) { throw new TypeError(\"Super expression must either be null or a function, not \" + typeof superClass); } subClass.prototype = Object.create(superClass && superClass.prototype, { constructor: { value: subClass, enumerable: false, writable: true, configurable: true } }); if (superClass) Object.setPrototypeOf ? Object.setPrototypeOf(subClass, superClass) : subClass.__proto__ = superClass; }","","function _getStyleKeeper(instance) {","  if (!instance._radiumStyleKeeper) {","    var userAgent = instance.props.radiumConfig && instance.props.radiumConfig.userAgent || instance.context._radiumConfig && instance.context._radiumConfig.userAgent;","    instance._radiumStyleKeeper = new _styleKeeper2.default(userAgent);","  }","","  return instance._radiumStyleKeeper;","}","","var StyleRoot = function (_PureComponent) {","  _inherits(StyleRoot, _PureComponent);","","  function StyleRoot() {","    _classCallCheck(this, StyleRoot);","","    var _this = _possibleConstructorReturn(this, _PureComponent.apply(this, arguments));","","    _getStyleKeeper(_this);","    return _this;","  }","","  StyleRoot.prototype.getChildContext = function getChildContext() {","    return { _radiumStyleKeeper: _getStyleKeeper(this) };","  };","","  StyleRoot.prototype.render = function render() {","    /* eslint-disable no-unused-vars */","    // Pass down all props except config to the rendered div.","    var _props = this.props,","        radiumConfig = _props.radiumConfig,","        otherProps = _objectWithoutProperties(_props, ['radiumConfig']);","    /* eslint-enable no-unused-vars */","","    return _react2.default.createElement(","      'div',","      otherProps,","      this.props.children,","      _react2.default.createElement(_styleSheet2.default, null)","    );","  };","","  return StyleRoot;","}(_react.PureComponent);","","StyleRoot.contextTypes = {","  _radiumConfig: _react.PropTypes.object,","  _radiumStyleKeeper: _react.PropTypes.instanceOf(_styleKeeper2.default)","};","","StyleRoot.childContextTypes = {","  _radiumStyleKeeper: _react.PropTypes.instanceOf(_styleKeeper2.default)","};","","StyleRoot = (0, _enhancer2.default)(StyleRoot);","","exports.default = StyleRoot;","module.exports = exports['default'];"],"l":{"3":2,"7":2,"9":0,"11":0,"13":0,"15":0,"17":0,"19":0,"21":0,"23":1,"25":1,"27":1,"29":1,"31":1,"33":1,"34":0,"35":0,"36":0,"39":0,"42":0,"43":0,"45":1,"46":0,"48":0,"50":0,"51":0,"54":0,"55":0,"58":0,"61":0,"66":0,"74":0,"77":0,"82":0,"86":0,"88":0,"89":0}},"/home/travis/build/npmtest/node-npmtest-radium/node_modules/radium/lib/components/style-sheet.js":{"path":"/home/travis/build/npmtest/node-npmtest-radium/node_modules/radium/lib/components/style-sheet.js","s":{"1":2,"2":2,"3":2,"4":2,"5":0,"6":0,"7":0,"8":1,"9":0,"10":1,"11":0,"12":0,"13":1,"14":0,"15":0,"16":0,"17":1,"18":0,"19":0,"20":0,"21":0,"22":0,"23":0,"24":0,"25":1,"26":0,"27":0,"28":0,"29":0,"30":0,"31":0,"32":0,"33":0,"34":0,"35":0,"36":0,"37":0,"38":0,"39":0,"40":0,"41":0,"42":0,"43":0,"44":0,"45":0,"46":0,"47":0},"b":{"1":[0,0],"2":[0,0],"3":[0,0],"4":[0,0],"5":[0,0],"6":[0,0,0],"7":[0,0],"8":[0,0],"9":[0,0],"10":[0,0],"11":[0,0],"12":[0,0],"13":[0,0]},"f":{"1":0,"2":0,"3":0,"4":0,"5":0,"6":0,"7":0,"8":0,"9":0,"10":0,"11":0,"12":0},"fnMap":{"1":{"name":"_interopRequireDefault","line":18,"loc":{"start":{"line":18,"column":0},"end":{"line":18,"column":37}}},"2":{"name":"_classCallCheck","line":20,"loc":{"start":{"line":20,"column":0},"end":{"line":20,"column":48}}},"3":{"name":"_possibleConstructorReturn","line":22,"loc":{"start":{"line":22,"column":0},"end":{"line":22,"column":48}}},"4":{"name":"_inherits","line":24,"loc":{"start":{"line":24,"column":0},"end":{"line":24,"column":41}}},"5":{"name":"(anonymous_5)","line":26,"loc":{"start":{"line":26,"column":35},"end":{"line":26,"column":61}}},"6":{"name":"StyleSheet","line":29,"loc":{"start":{"line":29,"column":2},"end":{"line":29,"column":24}}},"7":{"name":"(anonymous_7)","line":34,"loc":{"start":{"line":34,"column":22},"end":{"line":34,"column":34}}},"8":{"name":"(anonymous_8)","line":35,"loc":{"start":{"line":35,"column":17},"end":{"line":35,"column":29}}},"9":{"name":"componentDidMount","line":44,"loc":{"start":{"line":44,"column":43},"end":{"line":44,"column":72}}},"10":{"name":"componentWillUnmount","line":50,"loc":{"start":{"line":50,"column":46},"end":{"line":50,"column":78}}},"11":{"name":"_getCSSState","line":57,"loc":{"start":{"line":57,"column":38},"end":{"line":57,"column":62}}},"12":{"name":"render","line":61,"loc":{"start":{"line":61,"column":32},"end":{"line":61,"column":50}}}},"statementMap":{"1":{"start":{"line":3,"column":0},"end":{"line":5,"column":3}},"2":{"start":{"line":6,"column":0},"end":{"line":6,"column":28}},"3":{"start":{"line":8,"column":0},"end":{"line":8,"column":18}},"4":{"start":{"line":10,"column":0},"end":{"line":10,"column":30}},"5":{"start":{"line":12,"column":0},"end":{"line":12,"column":45}},"6":{"start":{"line":14,"column":0},"end":{"line":14,"column":46}},"7":{"start":{"line":16,"column":0},"end":{"line":16,"column":57}},"8":{"start":{"line":18,"column":0},"end":{"line":18,"column":95}},"9":{"start":{"line":18,"column":39},"end":{"line":18,"column":93}},"10":{"start":{"line":20,"column":0},"end":{"line":20,"column":153}},"11":{"start":{"line":20,"column":50},"end":{"line":20,"column":151}},"12":{"start":{"line":20,"column":92},"end":{"line":20,"column":149}},"13":{"start":{"line":22,"column":0},"end":{"line":22,"column":240}},"14":{"start":{"line":22,"column":50},"end":{"line":22,"column":151}},"15":{"start":{"line":22,"column":63},"end":{"line":22,"column":149}},"16":{"start":{"line":22,"column":152},"end":{"line":22,"column":238}},"17":{"start":{"line":24,"column":0},"end":{"line":24,"column":494}},"18":{"start":{"line":24,"column":43},"end":{"line":24,"column":208}},"19":{"start":{"line":24,"column":106},"end":{"line":24,"column":206}},"20":{"start":{"line":24,"column":209},"end":{"line":24,"column":373}},"21":{"start":{"line":24,"column":374},"end":{"line":24,"column":492}},"22":{"start":{"line":24,"column":390},"end":{"line":24,"column":492}},"23":{"start":{"line":26,"column":0},"end":{"line":68,"column":10}},"24":{"start":{"line":27,"column":2},"end":{"line":27,"column":40}},"25":{"start":{"line":29,"column":2},"end":{"line":42,"column":3}},"26":{"start":{"line":30,"column":4},"end":{"line":30,"column":38}},"27":{"start":{"line":32,"column":4},"end":{"line":32,"column":88}},"28":{"start":{"line":34,"column":4},"end":{"line":38,"column":6}},"29":{"start":{"line":35,"column":6},"end":{"line":37,"column":12}},"30":{"start":{"line":36,"column":8},"end":{"line":36,"column":65}},"31":{"start":{"line":40,"column":4},"end":{"line":40,"column":39}},"32":{"start":{"line":41,"column":4},"end":{"line":41,"column":17}},"33":{"start":{"line":44,"column":2},"end":{"line":48,"column":4}},"34":{"start":{"line":45,"column":4},"end":{"line":45,"column":27}},"35":{"start":{"line":46,"column":4},"end":{"line":46,"column":83}},"36":{"start":{"line":47,"column":4},"end":{"line":47,"column":21}},"37":{"start":{"line":50,"column":2},"end":{"line":55,"column":4}},"38":{"start":{"line":51,"column":4},"end":{"line":51,"column":28}},"39":{"start":{"line":52,"column":4},"end":{"line":54,"column":5}},"40":{"start":{"line":53,"column":6},"end":{"line":53,"column":34}},"41":{"start":{"line":57,"column":2},"end":{"line":59,"column":4}},"42":{"start":{"line":58,"column":4},"end":{"line":58,"column":61}},"43":{"start":{"line":61,"column":2},"end":{"line":63,"column":4}},"44":{"start":{"line":62,"column":4},"end":{"line":62,"column":107}},"45":{"start":{"line":65,"column":2},"end":{"line":65,"column":20}},"46":{"start":{"line":69,"column":0},"end":{"line":69,"column":29}},"47":{"start":{"line":70,"column":0},"end":{"line":70,"column":36}}},"branchMap":{"1":{"line":18,"type":"cond-expr","locations":[{"start":{"line":18,"column":70},"end":{"line":18,"column":73}},{"start":{"line":18,"column":76},"end":{"line":18,"column":92}}]},"2":{"line":18,"type":"binary-expr","locations":[{"start":{"line":18,"column":46},"end":{"line":18,"column":49}},{"start":{"line":18,"column":53},"end":{"line":18,"column":67}}]},"3":{"line":20,"type":"if","locations":[{"start":{"line":20,"column":50},"end":{"line":20,"column":50}},{"start":{"line":20,"column":50},"end":{"line":20,"column":50}}]},"4":{"line":22,"type":"if","locations":[{"start":{"line":22,"column":50},"end":{"line":22,"column":50}},{"start":{"line":22,"column":50},"end":{"line":22,"column":50}}]},"5":{"line":22,"type":"cond-expr","locations":[{"start":{"line":22,"column":226},"end":{"line":22,"column":230}},{"start":{"line":22,"column":233},"end":{"line":22,"column":237}}]},"6":{"line":22,"type":"binary-expr","locations":[{"start":{"line":22,"column":159},"end":{"line":22,"column":163}},{"start":{"line":22,"column":168},"end":{"line":22,"column":192}},{"start":{"line":22,"column":196},"end":{"line":22,"column":222}}]},"7":{"line":24,"type":"if","locations":[{"start":{"line":24,"column":43},"end":{"line":24,"column":43}},{"start":{"line":24,"column":43},"end":{"line":24,"column":43}}]},"8":{"line":24,"type":"binary-expr","locations":[{"start":{"line":24,"column":47},"end":{"line":24,"column":79}},{"start":{"line":24,"column":83},"end":{"line":24,"column":102}}]},"9":{"line":24,"type":"binary-expr","locations":[{"start":{"line":24,"column":244},"end":{"line":24,"column":254}},{"start":{"line":24,"column":258},"end":{"line":24,"column":278}}]},"10":{"line":24,"type":"if","locations":[{"start":{"line":24,"column":374},"end":{"line":24,"column":374}},{"start":{"line":24,"column":374},"end":{"line":24,"column":374}}]},"11":{"line":24,"type":"cond-expr","locations":[{"start":{"line":24,"column":414},"end":{"line":24,"column":457}},{"start":{"line":24,"column":460},"end":{"line":24,"column":491}}]},"12":{"line":36,"type":"binary-expr","locations":[{"start":{"line":36,"column":8},"end":{"line":36,"column":24}},{"start":{"line":36,"column":28},"end":{"line":36,"column":64}}]},"13":{"line":52,"type":"if","locations":[{"start":{"line":52,"column":4},"end":{"line":52,"column":4}},{"start":{"line":52,"column":4},"end":{"line":52,"column":4}}]}},"code":["'use strict';","","Object.defineProperty(exports, \"__esModule\", {","  value: true","});","exports.default = undefined;","","var _class, _temp;","","var _react = require('react');","","var _react2 = _interopRequireDefault(_react);","","var _styleKeeper = require('../style-keeper');","","var _styleKeeper2 = _interopRequireDefault(_styleKeeper);","","function _interopRequireDefault(obj) { return obj && obj.__esModule ? obj : { default: obj }; }","","function _classCallCheck(instance, Constructor) { if (!(instance instanceof Constructor)) { throw new TypeError(\"Cannot call a class as a function\"); } }","","function _possibleConstructorReturn(self, call) { if (!self) { throw new ReferenceError(\"this hasn't been initialised - super() hasn't been called\"); } return call && (typeof call === \"object\" || typeof call === \"function\") ? call : self; }","","function _inherits(subClass, superClass) { if (typeof superClass !== \"function\" && superClass !== null) { throw new TypeError(\"Super expression must either be null or a function, not \" + typeof superClass); } subClass.prototype = Object.create(superClass && superClass.prototype, { constructor: { value: subClass, enumerable: false, writable: true, configurable: true } }); if (superClass) Object.setPrototypeOf ? Object.setPrototypeOf(subClass, superClass) : subClass.__proto__ = superClass; }","","var StyleSheet = (_temp = _class = function (_PureComponent) {","  _inherits(StyleSheet, _PureComponent);","","  function StyleSheet() {","    _classCallCheck(this, StyleSheet);","","    var _this = _possibleConstructorReturn(this, _PureComponent.apply(this, arguments));","","    _this._onChange = function () {","      setTimeout(function () {","        _this._isMounted && _this.setState(_this._getCSSState());","      }, 0);","    };","","    _this.state = _this._getCSSState();","    return _this;","  }","","  StyleSheet.prototype.componentDidMount = function componentDidMount() {","    this._isMounted = true;","    this._subscription = this.context._radiumStyleKeeper.subscribe(this._onChange);","    this._onChange();","  };","","  StyleSheet.prototype.componentWillUnmount = function componentWillUnmount() {","    this._isMounted = false;","    if (this._subscription) {","      this._subscription.remove();","    }","  };","","  StyleSheet.prototype._getCSSState = function _getCSSState() {","    return { css: this.context._radiumStyleKeeper.getCSS() };","  };","","  StyleSheet.prototype.render = function render() {","    return _react2.default.createElement('style', { dangerouslySetInnerHTML: { __html: this.state.css } });","  };","","  return StyleSheet;","}(_react.PureComponent), _class.contextTypes = {","  _radiumStyleKeeper: _react2.default.PropTypes.instanceOf(_styleKeeper2.default)","}, _temp);","exports.default = StyleSheet;","module.exports = exports['default'];"],"l":{"3":2,"6":2,"8":2,"10":2,"12":0,"14":0,"16":0,"18":1,"20":1,"22":1,"24":1,"26":0,"27":0,"29":1,"30":0,"32":0,"34":0,"35":0,"36":0,"40":0,"41":0,"44":0,"45":0,"46":0,"47":0,"50":0,"51":0,"52":0,"53":0,"57":0,"58":0,"61":0,"62":0,"65":0,"69":0,"70":0}}}